





<!DOCTYPE html>
<html>

<head>
    <meta charset="utf-8">
    <meta name="viewport" content="width=device-width, initial-scale=1, shrink-to-fit=no">
    <title>Test Results</title>
        <link rel="apple-touch-icon" href="https://cdn.jsdelivr.net/gh/extent-framework/extent-github-cdn@b00a2d0486596e73dd7326beacf352c639623a0e/commons/img/logo.png">
        <link rel="shortcut icon" href="https://cdn.jsdelivr.net/gh/extent-framework/extent-github-cdn@b00a2d0486596e73dd7326beacf352c639623a0e/commons/img/logo.png">
	    <link href="https://cdn.jsdelivr.net/gh/extent-framework/extent-github-cdn@74cc0d02f0116d1b5665bd07f6aea22c71033efe/spark/css/spark-style.css" rel="stylesheet" />
        <link href="https://stackpath.bootstrapcdn.com/font-awesome/4.7.0/css/font-awesome.min.css" rel="stylesheet">
<style type="text/css">

</style></head>    <script src="https://cdn.rawgit.com/extent-framework/extent-github-cdn/7cc78ce/spark/js/jsontree.js"></script>
<body class="spa -report standard">
    <div class="app header-dark side-nav-folded">
        <div class="layout">
<div class="header navbar">
    <div class="header-container">
        <div class="nav-logo">
          <a href="index.html">
            <div class="logo logo-dark" style="background-image: url('https://cdn.rawgit.com/extent-framework/extent-github-cdn/d74480e/commons/img/logo.png')"></div>
            <div class="logo logo-white" style="background-image: url('https://cdn.rawgit.com/extent-framework/extent-github-cdn/d74480e/commons/img/logo.png')"></div>
          </a>
        </div>
        <ul class="nav-left">
          <li>
            <a class="sidenav-fold-toggler" href="javascript:void(0);">
              <i class="fa fa-bars"></i>
            </a>
            <a class="sidenav-expand-toggler" href="javascript:void(0);">
              <i class="fa fa-bars"></i>
            </a>
          </li>
          <li class="search-box">
            <a class="search-toggle" href="javascript:void(0);">
              <i class="search-icon fa fa-search"></i>
              <i class="search-icon-close fa fa-close"></i>
            </a>
          </li>
          <li class="search-input">
            <input id="search-tests" class="form-control" type="text" placeholder="Type to search...">
          </li>
        </ul>
        <ul class="nav-right">
          <li class="m-r-10">
            <a href="#">
              <span class="badge badge-primary">Web Automation Results</span>
            </a>
          </li>
            <li class="m-r-10">
                <a href="#">
                    <span class="badge badge-primary">Nov 8, 2022 02:45:41 PM</span>
                </a>
            </li>
        </ul>
    </div>
</div><div class="side-nav side-nav-folded">
  <div class="side-nav-inner">
    <ul class="side-nav-menu scrollable">
      <li class="nav-item dropdown" onclick="toggleView('test-view')">
        <a id="nav-test" class="dropdown-toggle" href="index.html">
          <span class="icon-holder">
            <i class="fa fa-align-left"></i>
          </span>
          <span class="title">Tests</span>
        </a>
      </li>
            <li class="nav-item dropdown" onclick="toggleView('exception-view')">
        <a id="nav-ex" class="dropdown-toggle" href="exception.html">
          <span class="icon-holder">
            <i class="fa fa-bug"></i>
          </span>
          <span class="title">Exception</span>
        </a>
      </li>
      <li class="nav-item dropdown" onclick="toggleView('dashboard-view')">
        <a id="nav-dashboard" class="dropdown-toggle" href="dashboard.html">
          <span class="icon-holder">
            <i class="fa fa-bar-chart"></i>
          </span>
          <span class="title">Dashboard</span>
        </a>
      </li>
    </ul>
  </div>
</div>            <div class="page-container">
                <div class="main-content">
<div class="test-wrapper row test-view">
	<div class="test-list">
		<div class="test-list-tools">
			<ul class="tools pull-left">
				<li>
					<a href="">
					<span class="font-size-14">Tests</span>
					</a>
				</li>
			</ul>
			<ul class="tools text-right">
				<li class="user-profile dropdown dropdown-animated scale-left">
					<a href="#" class="dropdown-toggle" data-toggle="dropdown">
					<i class="fa fa-exclamation-circle"></i>
					</a>
					<ul id="status-toggle" class="dropdown-menu dropdown-md p-v-0">
						<a class="dropdown-item" status="pass" href="#"><span>Pass</span><span class="status success pull-right"></span></a>
						<a class="dropdown-item" status="fail" href="#"><span>Fail</span><span class="status danger pull-right"></span></a>
						
						
						
						
						<div class="dropdown-divider"></div>
						<a status="clear" class="dropdown-item" href="#"><span>Clear</span><span class="pull-right"><i class="fa fa-close"></i></span></a>
					</ul>
				</li>
			</ul>
		</div>
		<div class="test-list-wrapper scrollable">
			<ul class="test-list-item">
				<li class="test-item"  status="pass" test-id="1"
					author=""
					tag=""
					device="">
					<div class="status-avatar pass-bg">
						<i class="fa fa-check text-white"></i>
					</div>
					<div class="open-test">
						<div class="test-detail">
							<p class="name">TC_HM_002</p>
							<p class="duration text-sm">0h 0m 23s+0ms</p>
							<span class="datetime">14:45:55 PM</span>
						</div>
					</div>
					<div class="test-contents d-none">
						<div class="detail-head">
							<div class="p-v-10 d-inline-block">
								<div class="info">
									<h5 class="test-status text-pass">TC_HM_002</h5>
									<span class='badge badge-success'>11.08.2022 14:45:55</span>
									<span class='badge badge-danger'>11.08.2022 14:46:18</span>
									<span class='badge badge-default'>0h 0m 23s+0ms</span>
								</div>
								<div class="m-t-10 m-l-5">
									
								</div>
							</div>
						</div>
<div class="detail-body mt-4">                                              
<table class="table table-sm">
	<thead><tr>
		<th class="status-col">Status</th>
		<th class="timestamp-col">Timestamp</th>
		<th class="details-col">Details</th>
	</tr></thead>
	<tbody>
			<tr class="event-row">
				<td><i class="fa fa-check text-pass"></i></td>
				<td>2:46:18 PM</td>
				<td>
						Test Passed
				</td>
			</tr>
	</tbody>
</table>
</div>
					</div>
				</li>
				<li class="test-item"  status="fail" test-id="2"
					author=""
					tag=""
					device="">
					<div class="status-avatar fail-bg">
						<i class="fa fa-times text-white"></i>
					</div>
					<div class="open-test">
						<div class="test-detail">
							<p class="name">TC_HM_003</p>
							<p class="duration text-sm">0h 0m 33s+161ms</p>
							<span class="datetime">14:45:55 PM</span>
						</div>
					</div>
					<div class="test-contents d-none">
						<div class="detail-head">
							<div class="p-v-10 d-inline-block">
								<div class="info">
									<h5 class="test-status text-fail">TC_HM_003</h5>
									<span class='badge badge-success'>11.08.2022 14:45:55</span>
									<span class='badge badge-danger'>11.08.2022 14:46:28</span>
									<span class='badge badge-default'>0h 0m 33s+161ms</span>
								</div>
								<div class="m-t-10 m-l-5">
									
								</div>
							</div>
						</div>
<div class="detail-body mt-4">                                              
<table class="table table-sm">
	<thead><tr>
		<th class="status-col">Status</th>
		<th class="timestamp-col">Timestamp</th>
		<th class="details-col">Details</th>
	</tr></thead>
	<tbody>
			<tr class="event-row">
				<td><i class="fa fa-times text-fail"></i></td>
				<td>2:46:28 PM</td>
				<td>
						<textarea disabled class="code-block">java.lang.AssertionError: Not matching expected [46] but found [49]
	at org.testng.Assert.fail(Assert.java:110)
	at org.testng.Assert.failNotEquals(Assert.java:1413)
	at org.testng.Assert.assertEqualsImpl(Assert.java:149)
	at org.testng.Assert.assertEquals(Assert.java:131)
	at org.testng.Assert.assertEquals(Assert.java:1240)
	at pages.UsedCarPage.verifynoofbrands(UsedCarPage.java:39)
	at testcases.TC_HM_003.TC_HM_003(TC_HM_003.java:18)
	at sun.reflect.NativeMethodAccessorImpl.invoke0(Native Method)
	at sun.reflect.NativeMethodAccessorImpl.invoke(NativeMethodAccessorImpl.java:62)
	at sun.reflect.DelegatingMethodAccessorImpl.invoke(DelegatingMethodAccessorImpl.java:43)
	at java.lang.reflect.Method.invoke(Method.java:498)
	at org.testng.internal.invokers.MethodInvocationHelper.invokeMethod(MethodInvocationHelper.java:135)
	at org.testng.internal.invokers.TestInvoker.invokeMethod(TestInvoker.java:673)
	at org.testng.internal.invokers.TestInvoker.invokeTestMethod(TestInvoker.java:220)
	at org.testng.internal.invokers.MethodRunner.runInSequence(MethodRunner.java:50)
	at org.testng.internal.invokers.TestInvoker$MethodInvocationAgent.invoke(TestInvoker.java:945)
	at org.testng.internal.invokers.TestInvoker.invokeTestMethods(TestInvoker.java:193)
	at org.testng.internal.invokers.TestMethodWorker.invokeTestMethods(TestMethodWorker.java:146)
	at org.testng.internal.invokers.TestMethodWorker.run(TestMethodWorker.java:128)
	at java.util.concurrent.ThreadPoolExecutor.runWorker(ThreadPoolExecutor.java:1149)
	at java.util.concurrent.ThreadPoolExecutor$Worker.run(ThreadPoolExecutor.java:624)
	at java.lang.Thread.run(Thread.java:750)
</textarea>
				</td>
			</tr>
	</tbody>
</table>
</div>
<div class="detail-foot">
	<ul class="attachments">
			<img class='r-img' onerror='this.style.display="none"' data-featherlight='C:\Users\adars\workspace\POM_OCT_22\reports\2022.11.08.14.46.34.png' src='C:\Users\adars\workspace\POM_OCT_22\reports\2022.11.08.14.46.34.png'>
	</ul>
</div>
					</div>
				</li>
				<li class="test-item"  status="pass" test-id="4"
					author=""
					tag=""
					device="">
					<div class="status-avatar pass-bg">
						<i class="fa fa-check text-white"></i>
					</div>
					<div class="open-test">
						<div class="test-detail">
							<p class="name">TC_HM_001</p>
							<p class="duration text-sm">0h 0m 8s+593ms</p>
							<span class="datetime">14:45:55 PM</span>
						</div>
					</div>
					<div class="test-contents d-none">
						<div class="detail-head">
							<div class="p-v-10 d-inline-block">
								<div class="info">
									<h5 class="test-status text-pass">TC_HM_001</h5>
									<span class='badge badge-success'>11.08.2022 14:45:55</span>
									<span class='badge badge-danger'>11.08.2022 14:46:04</span>
									<span class='badge badge-default'>0h 0m 8s+593ms</span>
								</div>
								<div class="m-t-10 m-l-5">
									
								</div>
							</div>
						</div>
<div class="detail-body mt-4">                                              
<table class="table table-sm">
	<thead><tr>
		<th class="status-col">Status</th>
		<th class="timestamp-col">Timestamp</th>
		<th class="details-col">Details</th>
	</tr></thead>
	<tbody>
			<tr class="event-row">
				<td><i class="fa fa-check text-pass"></i></td>
				<td>2:46:04 PM</td>
				<td>
						Test Passed
				</td>
			</tr>
	</tbody>
</table>
</div>
					</div>
				</li>
				<li class="test-item"  status="fail" test-id="3"
					author=""
					tag=""
					device="">
					<div class="status-avatar fail-bg">
						<i class="fa fa-times text-white"></i>
					</div>
					<div class="open-test">
						<div class="test-detail">
							<p class="name">TC_HM_003_parameterizer</p>
							<p class="duration text-sm">0h 0m 26s+857ms</p>
							<span class="datetime">14:45:55 PM</span>
						</div>
					</div>
					<div class="test-contents d-none">
						<div class="detail-head">
							<div class="p-v-10 d-inline-block">
								<div class="info">
									<h5 class="test-status text-fail">TC_HM_003_parameterizer</h5>
									<span class='badge badge-success'>11.08.2022 14:45:55</span>
									<span class='badge badge-danger'>11.08.2022 14:46:22</span>
									<span class='badge badge-default'>0h 0m 26s+857ms</span>
								</div>
								<div class="m-t-10 m-l-5">
									
								</div>
							</div>
						</div>
<div class="detail-body mt-4">                                              
<table class="table table-sm">
	<thead><tr>
		<th class="status-col">Status</th>
		<th class="timestamp-col">Timestamp</th>
		<th class="details-col">Details</th>
	</tr></thead>
	<tbody>
			<tr class="event-row">
				<td><i class="fa fa-times text-fail"></i></td>
				<td>2:46:22 PM</td>
				<td>
						<textarea disabled class="code-block">java.lang.AssertionError: Not matching expected [46] but found [49]
	at org.testng.Assert.fail(Assert.java:110)
	at org.testng.Assert.failNotEquals(Assert.java:1413)
	at org.testng.Assert.assertEqualsImpl(Assert.java:149)
	at org.testng.Assert.assertEquals(Assert.java:131)
	at org.testng.Assert.assertEquals(Assert.java:1240)
	at pages.UsedCarPage.verifynoofbrands(UsedCarPage.java:39)
	at testcases.TC_HM_003_parameterize.TC_HM_003_parameterizer(TC_HM_003_parameterize.java:18)
	at sun.reflect.NativeMethodAccessorImpl.invoke0(Native Method)
	at sun.reflect.NativeMethodAccessorImpl.invoke(NativeMethodAccessorImpl.java:62)
	at sun.reflect.DelegatingMethodAccessorImpl.invoke(DelegatingMethodAccessorImpl.java:43)
	at java.lang.reflect.Method.invoke(Method.java:498)
	at org.testng.internal.invokers.MethodInvocationHelper.invokeMethod(MethodInvocationHelper.java:135)
	at org.testng.internal.invokers.TestInvoker.invokeMethod(TestInvoker.java:673)
	at org.testng.internal.invokers.TestInvoker.invokeTestMethod(TestInvoker.java:220)
	at org.testng.internal.invokers.MethodRunner.runInSequence(MethodRunner.java:50)
	at org.testng.internal.invokers.TestInvoker$MethodInvocationAgent.invoke(TestInvoker.java:945)
	at org.testng.internal.invokers.TestInvoker.invokeTestMethods(TestInvoker.java:193)
	at org.testng.internal.invokers.TestMethodWorker.invokeTestMethods(TestMethodWorker.java:146)
	at org.testng.internal.invokers.TestMethodWorker.run(TestMethodWorker.java:128)
	at java.util.concurrent.ThreadPoolExecutor.runWorker(ThreadPoolExecutor.java:1149)
	at java.util.concurrent.ThreadPoolExecutor$Worker.run(ThreadPoolExecutor.java:624)
	at java.lang.Thread.run(Thread.java:750)
</textarea>
				</td>
			</tr>
	</tbody>
</table>
</div>
<div class="detail-foot">
	<ul class="attachments">
			<img class='r-img' onerror='this.style.display="none"' data-featherlight='C:\Users\adars\workspace\POM_OCT_22\reports\2022.11.08.14.46.22.png' src='C:\Users\adars\workspace\POM_OCT_22\reports\2022.11.08.14.46.22.png'>
	</ul>
</div>
					</div>
				</li>
				<li class="test-item"  status="pass" test-id="5"
					author=""
					tag=""
					device="">
					<div class="status-avatar pass-bg">
						<i class="fa fa-check text-white"></i>
					</div>
					<div class="open-test">
						<div class="test-detail">
							<p class="name">TC_HM_003_parameterize_excel</p>
							<p class="duration text-sm">0h 0m 33s+78ms</p>
							<span class="datetime">14:45:55 PM</span>
						</div>
					</div>
					<div class="test-contents d-none">
						<div class="detail-head">
							<div class="p-v-10 d-inline-block">
								<div class="info">
									<h5 class="test-status text-pass">TC_HM_003_parameterize_excel</h5>
									<span class='badge badge-success'>11.08.2022 14:45:55</span>
									<span class='badge badge-danger'>11.08.2022 14:46:29</span>
									<span class='badge badge-default'>0h 0m 33s+78ms</span>
								</div>
								<div class="m-t-10 m-l-5">
									
								</div>
							</div>
						</div>
<div class="detail-body mt-4">                                              
<table class="table table-sm">
	<thead><tr>
		<th class="status-col">Status</th>
		<th class="timestamp-col">Timestamp</th>
		<th class="details-col">Details</th>
	</tr></thead>
	<tbody>
			<tr class="event-row">
				<td><i class="fa fa-check text-pass"></i></td>
				<td>2:46:29 PM</td>
				<td>
						Test Passed
				</td>
			</tr>
	</tbody>
</table>
</div>
					</div>
				</li>
				<li class="test-item"  status="pass" test-id="6"
					author=""
					tag=""
					device="">
					<div class="status-avatar pass-bg">
						<i class="fa fa-check text-white"></i>
					</div>
					<div class="open-test">
						<div class="test-detail">
							<p class="name">TC_HM_003_parameterize_excel_util</p>
							<p class="duration text-sm">0h 0m 38s+791ms</p>
							<span class="datetime">14:46:18 PM</span>
						</div>
					</div>
					<div class="test-contents d-none">
						<div class="detail-head">
							<div class="p-v-10 d-inline-block">
								<div class="info">
									<h5 class="test-status text-pass">TC_HM_003_parameterize_excel_util</h5>
									<span class='badge badge-success'>11.08.2022 14:46:18</span>
									<span class='badge badge-danger'>11.08.2022 14:46:57</span>
									<span class='badge badge-default'>0h 0m 38s+791ms</span>
								</div>
								<div class="m-t-10 m-l-5">
									
								</div>
							</div>
						</div>
<div class="detail-body mt-4">                                              
<table class="table table-sm">
	<thead><tr>
		<th class="status-col">Status</th>
		<th class="timestamp-col">Timestamp</th>
		<th class="details-col">Details</th>
	</tr></thead>
	<tbody>
			<tr class="event-row">
				<td><i class="fa fa-check text-pass"></i></td>
				<td>2:46:57 PM</td>
				<td>
						Test Passed
				</td>
			</tr>
	</tbody>
</table>
</div>
					</div>
				</li>
				<li class="test-item"  status="fail" test-id="7"
					author=""
					tag=""
					device="">
					<div class="status-avatar fail-bg">
						<i class="fa fa-times text-white"></i>
					</div>
					<div class="open-test">
						<div class="test-detail">
							<p class="name">TC_HM_003_parameterize_excel_util1</p>
							<p class="duration text-sm">0h 0m 40s+907ms</p>
							<span class="datetime">14:46:31 PM</span>
						</div>
					</div>
					<div class="test-contents d-none">
						<div class="detail-head">
							<div class="p-v-10 d-inline-block">
								<div class="info">
									<h5 class="test-status text-fail">TC_HM_003_parameterize_excel_util1</h5>
									<span class='badge badge-success'>11.08.2022 14:46:31</span>
									<span class='badge badge-danger'>11.08.2022 14:47:12</span>
									<span class='badge badge-default'>0h 0m 40s+907ms</span>
								</div>
								<div class="m-t-10 m-l-5">
									
								</div>
							</div>
						</div>
<div class="detail-body mt-4">                                              
<table class="table table-sm">
	<thead><tr>
		<th class="status-col">Status</th>
		<th class="timestamp-col">Timestamp</th>
		<th class="details-col">Details</th>
	</tr></thead>
	<tbody>
			<tr class="event-row">
				<td><i class="fa fa-times text-fail"></i></td>
				<td>2:47:12 PM</td>
				<td>
						<textarea disabled class="code-block">java.lang.AssertionError: Not matching expected [46] but found [49]
	at org.testng.Assert.fail(Assert.java:110)
	at org.testng.Assert.failNotEquals(Assert.java:1413)
	at org.testng.Assert.assertEqualsImpl(Assert.java:149)
	at org.testng.Assert.assertEquals(Assert.java:131)
	at org.testng.Assert.assertEquals(Assert.java:1240)
	at pages.UsedCarPage.verifynoofbrands(UsedCarPage.java:43)
	at testcases.TC_HM_003_parameterize_excel_util1.TC_HM_003_parameterize_excel_util1(TC_HM_003_parameterize_excel_util1.java:21)
	at sun.reflect.NativeMethodAccessorImpl.invoke0(Native Method)
	at sun.reflect.NativeMethodAccessorImpl.invoke(NativeMethodAccessorImpl.java:62)
	at sun.reflect.DelegatingMethodAccessorImpl.invoke(DelegatingMethodAccessorImpl.java:43)
	at java.lang.reflect.Method.invoke(Method.java:498)
	at org.testng.internal.invokers.MethodInvocationHelper.invokeMethod(MethodInvocationHelper.java:135)
	at org.testng.internal.invokers.TestInvoker.invokeMethod(TestInvoker.java:673)
	at org.testng.internal.invokers.TestInvoker.invokeTestMethod(TestInvoker.java:220)
	at org.testng.internal.invokers.MethodRunner.runInSequence(MethodRunner.java:50)
	at org.testng.internal.invokers.TestInvoker$MethodInvocationAgent.invoke(TestInvoker.java:945)
	at org.testng.internal.invokers.TestInvoker.invokeTestMethods(TestInvoker.java:193)
	at org.testng.internal.invokers.TestMethodWorker.invokeTestMethods(TestMethodWorker.java:146)
	at org.testng.internal.invokers.TestMethodWorker.run(TestMethodWorker.java:128)
	at java.util.concurrent.ThreadPoolExecutor.runWorker(ThreadPoolExecutor.java:1149)
	at java.util.concurrent.ThreadPoolExecutor$Worker.run(ThreadPoolExecutor.java:624)
	at java.lang.Thread.run(Thread.java:750)
</textarea>
				</td>
			</tr>
	</tbody>
</table>
</div>
<div class="detail-foot">
	<ul class="attachments">
			<img class='r-img' onerror='this.style.display="none"' data-featherlight='C:\Users\adars\workspace\POM_OCT_22\reports\2022.11.08.14.47.13.png' src='C:\Users\adars\workspace\POM_OCT_22\reports\2022.11.08.14.47.13.png'>
	</ul>
</div>
					</div>
				</li>
				<li class="test-item"  status="fail" test-id="8"
					author=""
					tag=""
					device="">
					<div class="status-avatar fail-bg">
						<i class="fa fa-times text-white"></i>
					</div>
					<div class="open-test">
						<div class="test-detail">
							<p class="name">TC_HM_003_parameterizer</p>
							<p class="duration text-sm">0h 0m 29s+944ms</p>
							<span class="datetime">14:46:31 PM</span>
						</div>
					</div>
					<div class="test-contents d-none">
						<div class="detail-head">
							<div class="p-v-10 d-inline-block">
								<div class="info">
									<h5 class="test-status text-fail">TC_HM_003_parameterizer</h5>
									<span class='badge badge-success'>11.08.2022 14:46:31</span>
									<span class='badge badge-danger'>11.08.2022 14:47:01</span>
									<span class='badge badge-default'>0h 0m 29s+944ms</span>
								</div>
								<div class="m-t-10 m-l-5">
									
								</div>
							</div>
						</div>
<div class="detail-body mt-4">                                              
<table class="table table-sm">
	<thead><tr>
		<th class="status-col">Status</th>
		<th class="timestamp-col">Timestamp</th>
		<th class="details-col">Details</th>
	</tr></thead>
	<tbody>
			<tr class="event-row">
				<td><i class="fa fa-times text-fail"></i></td>
				<td>2:47:01 PM</td>
				<td>
						<textarea disabled class="code-block">java.lang.AssertionError: Not matching expected [46] but found [49]
	at org.testng.Assert.fail(Assert.java:110)
	at org.testng.Assert.failNotEquals(Assert.java:1413)
	at org.testng.Assert.assertEqualsImpl(Assert.java:149)
	at org.testng.Assert.assertEquals(Assert.java:131)
	at org.testng.Assert.assertEquals(Assert.java:1240)
	at pages.UsedCarPage.verifynoofbrands(UsedCarPage.java:39)
	at testcases.TC_HM_003_parameterize.TC_HM_003_parameterizer(TC_HM_003_parameterize.java:18)
	at sun.reflect.NativeMethodAccessorImpl.invoke0(Native Method)
	at sun.reflect.NativeMethodAccessorImpl.invoke(NativeMethodAccessorImpl.java:62)
	at sun.reflect.DelegatingMethodAccessorImpl.invoke(DelegatingMethodAccessorImpl.java:43)
	at java.lang.reflect.Method.invoke(Method.java:498)
	at org.testng.internal.invokers.MethodInvocationHelper.invokeMethod(MethodInvocationHelper.java:135)
	at org.testng.internal.invokers.TestInvoker.invokeMethod(TestInvoker.java:673)
	at org.testng.internal.invokers.TestInvoker.invokeTestMethod(TestInvoker.java:220)
	at org.testng.internal.invokers.MethodRunner.runInSequence(MethodRunner.java:50)
	at org.testng.internal.invokers.TestInvoker$MethodInvocationAgent.invoke(TestInvoker.java:945)
	at org.testng.internal.invokers.TestInvoker.invokeTestMethods(TestInvoker.java:193)
	at org.testng.internal.invokers.TestMethodWorker.invokeTestMethods(TestMethodWorker.java:146)
	at org.testng.internal.invokers.TestMethodWorker.run(TestMethodWorker.java:128)
	at java.util.concurrent.ThreadPoolExecutor.runWorker(ThreadPoolExecutor.java:1149)
	at java.util.concurrent.ThreadPoolExecutor$Worker.run(ThreadPoolExecutor.java:624)
	at java.lang.Thread.run(Thread.java:750)
</textarea>
				</td>
			</tr>
	</tbody>
</table>
</div>
<div class="detail-foot">
	<ul class="attachments">
			<img class='r-img' onerror='this.style.display="none"' data-featherlight='C:\Users\adars\workspace\POM_OCT_22\reports\2022.11.08.14.47.03.png' src='C:\Users\adars\workspace\POM_OCT_22\reports\2022.11.08.14.47.03.png'>
	</ul>
</div>
					</div>
				</li>
				<li class="test-item"  status="pass" test-id="9"
					author=""
					tag=""
					device="">
					<div class="status-avatar pass-bg">
						<i class="fa fa-check text-white"></i>
					</div>
					<div class="open-test">
						<div class="test-detail">
							<p class="name">TC_HM_003_parameterize_excel</p>
							<p class="duration text-sm">0h 0m 28s+108ms</p>
							<span class="datetime">14:46:47 PM</span>
						</div>
					</div>
					<div class="test-contents d-none">
						<div class="detail-head">
							<div class="p-v-10 d-inline-block">
								<div class="info">
									<h5 class="test-status text-pass">TC_HM_003_parameterize_excel</h5>
									<span class='badge badge-success'>11.08.2022 14:46:47</span>
									<span class='badge badge-danger'>11.08.2022 14:47:15</span>
									<span class='badge badge-default'>0h 0m 28s+108ms</span>
								</div>
								<div class="m-t-10 m-l-5">
									
								</div>
							</div>
						</div>
<div class="detail-body mt-4">                                              
<table class="table table-sm">
	<thead><tr>
		<th class="status-col">Status</th>
		<th class="timestamp-col">Timestamp</th>
		<th class="details-col">Details</th>
	</tr></thead>
	<tbody>
			<tr class="event-row">
				<td><i class="fa fa-check text-pass"></i></td>
				<td>2:47:15 PM</td>
				<td>
						Test Passed
				</td>
			</tr>
	</tbody>
</table>
</div>
					</div>
				</li>
				<li class="test-item"  status="pass" test-id="10"
					author=""
					tag=""
					device="">
					<div class="status-avatar pass-bg">
						<i class="fa fa-check text-white"></i>
					</div>
					<div class="open-test">
						<div class="test-detail">
							<p class="name">TC_HM_003_parameterize_dbfetch_util</p>
							<p class="duration text-sm">0h 0m 0s+0ms</p>
							<span class="datetime">14:46:53 PM</span>
						</div>
					</div>
					<div class="test-contents d-none">
						<div class="detail-head">
							<div class="p-v-10 d-inline-block">
								<div class="info">
									<h5 class="test-status text-pass">TC_HM_003_parameterize_dbfetch_util</h5>
									<span class='badge badge-success'>11.08.2022 14:46:53</span>
									<span class='badge badge-danger'>11.08.2022 14:46:53</span>
									<span class='badge badge-default'>0h 0m 0s+0ms</span>
								</div>
								<div class="m-t-10 m-l-5">
									
								</div>
							</div>
						</div>
					</div>
				</li>
				<li class="test-item"  status="pass" test-id="11"
					author=""
					tag=""
					device="">
					<div class="status-avatar pass-bg">
						<i class="fa fa-check text-white"></i>
					</div>
					<div class="open-test">
						<div class="test-detail">
							<p class="name">TC_HM_003_parameterize_excel_util</p>
							<p class="duration text-sm">0h 0m 28s+392ms</p>
							<span class="datetime">14:47:13 PM</span>
						</div>
					</div>
					<div class="test-contents d-none">
						<div class="detail-head">
							<div class="p-v-10 d-inline-block">
								<div class="info">
									<h5 class="test-status text-pass">TC_HM_003_parameterize_excel_util</h5>
									<span class='badge badge-success'>11.08.2022 14:47:13</span>
									<span class='badge badge-danger'>11.08.2022 14:47:42</span>
									<span class='badge badge-default'>0h 0m 28s+392ms</span>
								</div>
								<div class="m-t-10 m-l-5">
									
								</div>
							</div>
						</div>
<div class="detail-body mt-4">                                              
<table class="table table-sm">
	<thead><tr>
		<th class="status-col">Status</th>
		<th class="timestamp-col">Timestamp</th>
		<th class="details-col">Details</th>
	</tr></thead>
	<tbody>
			<tr class="event-row">
				<td><i class="fa fa-check text-pass"></i></td>
				<td>2:47:42 PM</td>
				<td>
						Test Passed
				</td>
			</tr>
	</tbody>
</table>
</div>
					</div>
				</li>
				<li class="test-item"  status="fail" test-id="12"
					author=""
					tag=""
					device="">
					<div class="status-avatar fail-bg">
						<i class="fa fa-times text-white"></i>
					</div>
					<div class="open-test">
						<div class="test-detail">
							<p class="name">TC_HM_003_parameterize_excel_util1</p>
							<p class="duration text-sm">0h 0m 26s+333ms</p>
							<span class="datetime">14:47:21 PM</span>
						</div>
					</div>
					<div class="test-contents d-none">
						<div class="detail-head">
							<div class="p-v-10 d-inline-block">
								<div class="info">
									<h5 class="test-status text-fail">TC_HM_003_parameterize_excel_util1</h5>
									<span class='badge badge-success'>11.08.2022 14:47:21</span>
									<span class='badge badge-danger'>11.08.2022 14:47:47</span>
									<span class='badge badge-default'>0h 0m 26s+333ms</span>
								</div>
								<div class="m-t-10 m-l-5">
									
								</div>
							</div>
						</div>
<div class="detail-body mt-4">                                              
<table class="table table-sm">
	<thead><tr>
		<th class="status-col">Status</th>
		<th class="timestamp-col">Timestamp</th>
		<th class="details-col">Details</th>
	</tr></thead>
	<tbody>
			<tr class="event-row">
				<td><i class="fa fa-times text-fail"></i></td>
				<td>2:47:47 PM</td>
				<td>
						<textarea disabled class="code-block">java.lang.AssertionError: Not matching expected [47] but found [49]
	at org.testng.Assert.fail(Assert.java:110)
	at org.testng.Assert.failNotEquals(Assert.java:1413)
	at org.testng.Assert.assertEqualsImpl(Assert.java:149)
	at org.testng.Assert.assertEquals(Assert.java:131)
	at org.testng.Assert.assertEquals(Assert.java:1240)
	at pages.UsedCarPage.verifynoofbrands(UsedCarPage.java:43)
	at testcases.TC_HM_003_parameterize_excel_util1.TC_HM_003_parameterize_excel_util1(TC_HM_003_parameterize_excel_util1.java:21)
	at sun.reflect.NativeMethodAccessorImpl.invoke0(Native Method)
	at sun.reflect.NativeMethodAccessorImpl.invoke(NativeMethodAccessorImpl.java:62)
	at sun.reflect.DelegatingMethodAccessorImpl.invoke(DelegatingMethodAccessorImpl.java:43)
	at java.lang.reflect.Method.invoke(Method.java:498)
	at org.testng.internal.invokers.MethodInvocationHelper.invokeMethod(MethodInvocationHelper.java:135)
	at org.testng.internal.invokers.TestInvoker.invokeMethod(TestInvoker.java:673)
	at org.testng.internal.invokers.TestInvoker.invokeTestMethod(TestInvoker.java:220)
	at org.testng.internal.invokers.MethodRunner.runInSequence(MethodRunner.java:50)
	at org.testng.internal.invokers.TestInvoker$MethodInvocationAgent.invoke(TestInvoker.java:945)
	at org.testng.internal.invokers.TestInvoker.invokeTestMethods(TestInvoker.java:193)
	at org.testng.internal.invokers.TestMethodWorker.invokeTestMethods(TestMethodWorker.java:146)
	at org.testng.internal.invokers.TestMethodWorker.run(TestMethodWorker.java:128)
	at java.util.concurrent.ThreadPoolExecutor.runWorker(ThreadPoolExecutor.java:1149)
	at java.util.concurrent.ThreadPoolExecutor$Worker.run(ThreadPoolExecutor.java:624)
	at java.lang.Thread.run(Thread.java:750)
</textarea>
				</td>
			</tr>
	</tbody>
</table>
</div>
<div class="detail-foot">
	<ul class="attachments">
			<img class='r-img' onerror='this.style.display="none"' data-featherlight='C:\Users\adars\workspace\POM_OCT_22\reports\2022.11.08.14.47.50.png' src='C:\Users\adars\workspace\POM_OCT_22\reports\2022.11.08.14.47.50.png'>
	</ul>
</div>
					</div>
				</li>
				<li class="test-item"  status="pass" test-id="13"
					author=""
					tag=""
					device="">
					<div class="status-avatar pass-bg">
						<i class="fa fa-check text-white"></i>
					</div>
					<div class="open-test">
						<div class="test-detail">
							<p class="name">TC_HM_003_parameterize_excel</p>
							<p class="duration text-sm">0h 0m 22s+747ms</p>
							<span class="datetime">14:47:22 PM</span>
						</div>
					</div>
					<div class="test-contents d-none">
						<div class="detail-head">
							<div class="p-v-10 d-inline-block">
								<div class="info">
									<h5 class="test-status text-pass">TC_HM_003_parameterize_excel</h5>
									<span class='badge badge-success'>11.08.2022 14:47:22</span>
									<span class='badge badge-danger'>11.08.2022 14:47:45</span>
									<span class='badge badge-default'>0h 0m 22s+747ms</span>
								</div>
								<div class="m-t-10 m-l-5">
									
								</div>
							</div>
						</div>
<div class="detail-body mt-4">                                              
<table class="table table-sm">
	<thead><tr>
		<th class="status-col">Status</th>
		<th class="timestamp-col">Timestamp</th>
		<th class="details-col">Details</th>
	</tr></thead>
	<tbody>
			<tr class="event-row">
				<td><i class="fa fa-check text-pass"></i></td>
				<td>2:47:45 PM</td>
				<td>
						Test Passed
				</td>
			</tr>
	</tbody>
</table>
</div>
					</div>
				</li>
				<li class="test-item"  status="fail" test-id="14"
					author=""
					tag=""
					device="">
					<div class="status-avatar fail-bg">
						<i class="fa fa-times text-white"></i>
					</div>
					<div class="open-test">
						<div class="test-detail">
							<p class="name">TC_HM_003_parameterize_dbfetch_util</p>
							<p class="duration text-sm">0h 0m 25s+85ms</p>
							<span class="datetime">14:47:27 PM</span>
						</div>
					</div>
					<div class="test-contents d-none">
						<div class="detail-head">
							<div class="p-v-10 d-inline-block">
								<div class="info">
									<h5 class="test-status text-fail">TC_HM_003_parameterize_dbfetch_util</h5>
									<span class='badge badge-success'>11.08.2022 14:47:27</span>
									<span class='badge badge-danger'>11.08.2022 14:47:52</span>
									<span class='badge badge-default'>0h 0m 25s+85ms</span>
								</div>
								<div class="m-t-10 m-l-5">
									
								</div>
							</div>
						</div>
<div class="detail-body mt-4">                                              
<table class="table table-sm">
	<thead><tr>
		<th class="status-col">Status</th>
		<th class="timestamp-col">Timestamp</th>
		<th class="details-col">Details</th>
	</tr></thead>
	<tbody>
			<tr class="event-row">
				<td><i class="fa fa-times text-fail"></i></td>
				<td>2:47:52 PM</td>
				<td>
						<textarea disabled class="code-block">java.lang.AssertionError: Not matching expected [31] but found [49]
	at org.testng.Assert.fail(Assert.java:110)
	at org.testng.Assert.failNotEquals(Assert.java:1413)
	at org.testng.Assert.assertEqualsImpl(Assert.java:149)
	at org.testng.Assert.assertEquals(Assert.java:131)
	at org.testng.Assert.assertEquals(Assert.java:1240)
	at pages.UsedCarPage.verifynoofbrands(UsedCarPage.java:43)
	at testcases.dbconnector.TC_HM_003_parameterize_dbfetch_util(dbconnector.java:19)
	at sun.reflect.NativeMethodAccessorImpl.invoke0(Native Method)
	at sun.reflect.NativeMethodAccessorImpl.invoke(NativeMethodAccessorImpl.java:62)
	at sun.reflect.DelegatingMethodAccessorImpl.invoke(DelegatingMethodAccessorImpl.java:43)
	at java.lang.reflect.Method.invoke(Method.java:498)
	at org.testng.internal.invokers.MethodInvocationHelper.invokeMethod(MethodInvocationHelper.java:135)
	at org.testng.internal.invokers.TestInvoker.invokeMethod(TestInvoker.java:673)
	at org.testng.internal.invokers.TestInvoker.retryFailed(TestInvoker.java:262)
	at org.testng.internal.invokers.MethodRunner.runInSequence(MethodRunner.java:62)
	at org.testng.internal.invokers.TestInvoker$MethodInvocationAgent.invoke(TestInvoker.java:945)
	at org.testng.internal.invokers.TestInvoker.invokeTestMethods(TestInvoker.java:193)
	at org.testng.internal.invokers.TestMethodWorker.invokeTestMethods(TestMethodWorker.java:146)
	at org.testng.internal.invokers.TestMethodWorker.run(TestMethodWorker.java:128)
	at java.util.concurrent.ThreadPoolExecutor.runWorker(ThreadPoolExecutor.java:1149)
	at java.util.concurrent.ThreadPoolExecutor$Worker.run(ThreadPoolExecutor.java:624)
	at java.lang.Thread.run(Thread.java:750)
</textarea>
				</td>
			</tr>
	</tbody>
</table>
</div>
<div class="detail-foot">
	<ul class="attachments">
			<img class='r-img' onerror='this.style.display="none"' data-featherlight='C:\Users\adars\workspace\POM_OCT_22\reports\2022.11.08.14.47.55.png' src='C:\Users\adars\workspace\POM_OCT_22\reports\2022.11.08.14.47.55.png'>
	</ul>
</div>
					</div>
				</li>
				<li class="test-item"  status="pass" test-id="15"
					author=""
					tag=""
					device="">
					<div class="status-avatar pass-bg">
						<i class="fa fa-check text-white"></i>
					</div>
					<div class="open-test">
						<div class="test-detail">
							<p class="name">TC_HM_003_parameterize_excel_util</p>
							<p class="duration text-sm">0h 0m 25s+762ms</p>
							<span class="datetime">14:47:50 PM</span>
						</div>
					</div>
					<div class="test-contents d-none">
						<div class="detail-head">
							<div class="p-v-10 d-inline-block">
								<div class="info">
									<h5 class="test-status text-pass">TC_HM_003_parameterize_excel_util</h5>
									<span class='badge badge-success'>11.08.2022 14:47:50</span>
									<span class='badge badge-danger'>11.08.2022 14:48:15</span>
									<span class='badge badge-default'>0h 0m 25s+762ms</span>
								</div>
								<div class="m-t-10 m-l-5">
									
								</div>
							</div>
						</div>
<div class="detail-body mt-4">                                              
<table class="table table-sm">
	<thead><tr>
		<th class="status-col">Status</th>
		<th class="timestamp-col">Timestamp</th>
		<th class="details-col">Details</th>
	</tr></thead>
	<tbody>
			<tr class="event-row">
				<td><i class="fa fa-check text-pass"></i></td>
				<td>2:48:15 PM</td>
				<td>
						Test Passed
				</td>
			</tr>
	</tbody>
</table>
</div>
					</div>
				</li>
				<li class="test-item"  status="pass" test-id="16"
					author=""
					tag=""
					device="">
					<div class="status-avatar pass-bg">
						<i class="fa fa-check text-white"></i>
					</div>
					<div class="open-test">
						<div class="test-detail">
							<p class="name">TC_HM_003_parameterize_excel</p>
							<p class="duration text-sm">0h 0m 23s+538ms</p>
							<span class="datetime">14:47:54 PM</span>
						</div>
					</div>
					<div class="test-contents d-none">
						<div class="detail-head">
							<div class="p-v-10 d-inline-block">
								<div class="info">
									<h5 class="test-status text-pass">TC_HM_003_parameterize_excel</h5>
									<span class='badge badge-success'>11.08.2022 14:47:54</span>
									<span class='badge badge-danger'>11.08.2022 14:48:18</span>
									<span class='badge badge-default'>0h 0m 23s+538ms</span>
								</div>
								<div class="m-t-10 m-l-5">
									
								</div>
							</div>
						</div>
<div class="detail-body mt-4">                                              
<table class="table table-sm">
	<thead><tr>
		<th class="status-col">Status</th>
		<th class="timestamp-col">Timestamp</th>
		<th class="details-col">Details</th>
	</tr></thead>
	<tbody>
			<tr class="event-row">
				<td><i class="fa fa-check text-pass"></i></td>
				<td>2:48:18 PM</td>
				<td>
						Test Passed
				</td>
			</tr>
	</tbody>
</table>
</div>
					</div>
				</li>
				<li class="test-item"  status="fail" test-id="17"
					author=""
					tag=""
					device="">
					<div class="status-avatar fail-bg">
						<i class="fa fa-times text-white"></i>
					</div>
					<div class="open-test">
						<div class="test-detail">
							<p class="name">TC_HM_003_parameterize_excel_util1</p>
							<p class="duration text-sm">0h 0m 23s+409ms</p>
							<span class="datetime">14:47:58 PM</span>
						</div>
					</div>
					<div class="test-contents d-none">
						<div class="detail-head">
							<div class="p-v-10 d-inline-block">
								<div class="info">
									<h5 class="test-status text-fail">TC_HM_003_parameterize_excel_util1</h5>
									<span class='badge badge-success'>11.08.2022 14:47:58</span>
									<span class='badge badge-danger'>11.08.2022 14:48:21</span>
									<span class='badge badge-default'>0h 0m 23s+409ms</span>
								</div>
								<div class="m-t-10 m-l-5">
									
								</div>
							</div>
						</div>
<div class="detail-body mt-4">                                              
<table class="table table-sm">
	<thead><tr>
		<th class="status-col">Status</th>
		<th class="timestamp-col">Timestamp</th>
		<th class="details-col">Details</th>
	</tr></thead>
	<tbody>
			<tr class="event-row">
				<td><i class="fa fa-times text-fail"></i></td>
				<td>2:48:21 PM</td>
				<td>
						<textarea disabled class="code-block">java.lang.AssertionError: Not matching expected [48] but found [49]
	at org.testng.Assert.fail(Assert.java:110)
	at org.testng.Assert.failNotEquals(Assert.java:1413)
	at org.testng.Assert.assertEqualsImpl(Assert.java:149)
	at org.testng.Assert.assertEquals(Assert.java:131)
	at org.testng.Assert.assertEquals(Assert.java:1240)
	at pages.UsedCarPage.verifynoofbrands(UsedCarPage.java:43)
	at testcases.TC_HM_003_parameterize_excel_util1.TC_HM_003_parameterize_excel_util1(TC_HM_003_parameterize_excel_util1.java:21)
	at sun.reflect.NativeMethodAccessorImpl.invoke0(Native Method)
	at sun.reflect.NativeMethodAccessorImpl.invoke(NativeMethodAccessorImpl.java:62)
	at sun.reflect.DelegatingMethodAccessorImpl.invoke(DelegatingMethodAccessorImpl.java:43)
	at java.lang.reflect.Method.invoke(Method.java:498)
	at org.testng.internal.invokers.MethodInvocationHelper.invokeMethod(MethodInvocationHelper.java:135)
	at org.testng.internal.invokers.TestInvoker.invokeMethod(TestInvoker.java:673)
	at org.testng.internal.invokers.TestInvoker.invokeTestMethod(TestInvoker.java:220)
	at org.testng.internal.invokers.MethodRunner.runInSequence(MethodRunner.java:50)
	at org.testng.internal.invokers.TestInvoker$MethodInvocationAgent.invoke(TestInvoker.java:945)
	at org.testng.internal.invokers.TestInvoker.invokeTestMethods(TestInvoker.java:193)
	at org.testng.internal.invokers.TestMethodWorker.invokeTestMethods(TestMethodWorker.java:146)
	at org.testng.internal.invokers.TestMethodWorker.run(TestMethodWorker.java:128)
	at java.util.concurrent.ThreadPoolExecutor.runWorker(ThreadPoolExecutor.java:1149)
	at java.util.concurrent.ThreadPoolExecutor$Worker.run(ThreadPoolExecutor.java:624)
	at java.lang.Thread.run(Thread.java:750)
</textarea>
				</td>
			</tr>
	</tbody>
</table>
</div>
<div class="detail-foot">
	<ul class="attachments">
			<img class='r-img' onerror='this.style.display="none"' data-featherlight='C:\Users\adars\workspace\POM_OCT_22\reports\2022.11.08.14.48.23.png' src='C:\Users\adars\workspace\POM_OCT_22\reports\2022.11.08.14.48.23.png'>
	</ul>
</div>
					</div>
				</li>
				<li class="test-item"  status="pass" test-id="18"
					author=""
					tag=""
					device="">
					<div class="status-avatar pass-bg">
						<i class="fa fa-check text-white"></i>
					</div>
					<div class="open-test">
						<div class="test-detail">
							<p class="name">TC_HM_003_parameterize_dbfetch_util</p>
							<p class="duration text-sm">0h 0m 0s+0ms</p>
							<span class="datetime">14:48:02 PM</span>
						</div>
					</div>
					<div class="test-contents d-none">
						<div class="detail-head">
							<div class="p-v-10 d-inline-block">
								<div class="info">
									<h5 class="test-status text-pass">TC_HM_003_parameterize_dbfetch_util</h5>
									<span class='badge badge-success'>11.08.2022 14:48:02</span>
									<span class='badge badge-danger'>11.08.2022 14:48:02</span>
									<span class='badge badge-default'>0h 0m 0s+0ms</span>
								</div>
								<div class="m-t-10 m-l-5">
									
								</div>
							</div>
						</div>
					</div>
				</li>
				<li class="test-item"  status="pass" test-id="19"
					author=""
					tag=""
					device="">
					<div class="status-avatar pass-bg">
						<i class="fa fa-check text-white"></i>
					</div>
					<div class="open-test">
						<div class="test-detail">
							<p class="name">TC_HM_003_parameterize_excel_util</p>
							<p class="duration text-sm">0h 0m 23s+643ms</p>
							<span class="datetime">14:48:23 PM</span>
						</div>
					</div>
					<div class="test-contents d-none">
						<div class="detail-head">
							<div class="p-v-10 d-inline-block">
								<div class="info">
									<h5 class="test-status text-pass">TC_HM_003_parameterize_excel_util</h5>
									<span class='badge badge-success'>11.08.2022 14:48:23</span>
									<span class='badge badge-danger'>11.08.2022 14:48:46</span>
									<span class='badge badge-default'>0h 0m 23s+643ms</span>
								</div>
								<div class="m-t-10 m-l-5">
									
								</div>
							</div>
						</div>
<div class="detail-body mt-4">                                              
<table class="table table-sm">
	<thead><tr>
		<th class="status-col">Status</th>
		<th class="timestamp-col">Timestamp</th>
		<th class="details-col">Details</th>
	</tr></thead>
	<tbody>
			<tr class="event-row">
				<td><i class="fa fa-check text-pass"></i></td>
				<td>2:48:46 PM</td>
				<td>
						Test Passed
				</td>
			</tr>
	</tbody>
</table>
</div>
					</div>
				</li>
				<li class="test-item"  status="pass" test-id="20"
					author=""
					tag=""
					device="">
					<div class="status-avatar pass-bg">
						<i class="fa fa-check text-white"></i>
					</div>
					<div class="open-test">
						<div class="test-detail">
							<p class="name">TC_HM_003_parameterize_excel</p>
							<p class="duration text-sm">0h 0m 21s+455ms</p>
							<span class="datetime">14:48:24 PM</span>
						</div>
					</div>
					<div class="test-contents d-none">
						<div class="detail-head">
							<div class="p-v-10 d-inline-block">
								<div class="info">
									<h5 class="test-status text-pass">TC_HM_003_parameterize_excel</h5>
									<span class='badge badge-success'>11.08.2022 14:48:24</span>
									<span class='badge badge-danger'>11.08.2022 14:48:46</span>
									<span class='badge badge-default'>0h 0m 21s+455ms</span>
								</div>
								<div class="m-t-10 m-l-5">
									
								</div>
							</div>
						</div>
<div class="detail-body mt-4">                                              
<table class="table table-sm">
	<thead><tr>
		<th class="status-col">Status</th>
		<th class="timestamp-col">Timestamp</th>
		<th class="details-col">Details</th>
	</tr></thead>
	<tbody>
			<tr class="event-row">
				<td><i class="fa fa-check text-pass"></i></td>
				<td>2:48:46 PM</td>
				<td>
						Test Passed
				</td>
			</tr>
	</tbody>
</table>
</div>
					</div>
				</li>
				<li class="test-item"  status="pass" test-id="21"
					author=""
					tag=""
					device="">
					<div class="status-avatar pass-bg">
						<i class="fa fa-check text-white"></i>
					</div>
					<div class="open-test">
						<div class="test-detail">
							<p class="name">TC_HM_003_parameterize_excel_util1</p>
							<p class="duration text-sm">0h 0m 21s+391ms</p>
							<span class="datetime">14:48:30 PM</span>
						</div>
					</div>
					<div class="test-contents d-none">
						<div class="detail-head">
							<div class="p-v-10 d-inline-block">
								<div class="info">
									<h5 class="test-status text-pass">TC_HM_003_parameterize_excel_util1</h5>
									<span class='badge badge-success'>11.08.2022 14:48:30</span>
									<span class='badge badge-danger'>11.08.2022 14:48:51</span>
									<span class='badge badge-default'>0h 0m 21s+391ms</span>
								</div>
								<div class="m-t-10 m-l-5">
									
								</div>
							</div>
						</div>
<div class="detail-body mt-4">                                              
<table class="table table-sm">
	<thead><tr>
		<th class="status-col">Status</th>
		<th class="timestamp-col">Timestamp</th>
		<th class="details-col">Details</th>
	</tr></thead>
	<tbody>
			<tr class="event-row">
				<td><i class="fa fa-check text-pass"></i></td>
				<td>2:48:51 PM</td>
				<td>
						Test Passed
				</td>
			</tr>
	</tbody>
</table>
</div>
					</div>
				</li>
				<li class="test-item"  status="fail" test-id="22"
					author=""
					tag=""
					device="">
					<div class="status-avatar fail-bg">
						<i class="fa fa-times text-white"></i>
					</div>
					<div class="open-test">
						<div class="test-detail">
							<p class="name">TC_HM_003_parameterize_dbfetch_util</p>
							<p class="duration text-sm">0h 0m 19s+869ms</p>
							<span class="datetime">14:48:31 PM</span>
						</div>
					</div>
					<div class="test-contents d-none">
						<div class="detail-head">
							<div class="p-v-10 d-inline-block">
								<div class="info">
									<h5 class="test-status text-fail">TC_HM_003_parameterize_dbfetch_util</h5>
									<span class='badge badge-success'>11.08.2022 14:48:31</span>
									<span class='badge badge-danger'>11.08.2022 14:48:51</span>
									<span class='badge badge-default'>0h 0m 19s+869ms</span>
								</div>
								<div class="m-t-10 m-l-5">
									
								</div>
							</div>
						</div>
<div class="detail-body mt-4">                                              
<table class="table table-sm">
	<thead><tr>
		<th class="status-col">Status</th>
		<th class="timestamp-col">Timestamp</th>
		<th class="details-col">Details</th>
	</tr></thead>
	<tbody>
			<tr class="event-row">
				<td><i class="fa fa-times text-fail"></i></td>
				<td>2:48:51 PM</td>
				<td>
						<textarea disabled class="code-block">java.lang.AssertionError: Not matching expected [32] but found [49]
	at org.testng.Assert.fail(Assert.java:110)
	at org.testng.Assert.failNotEquals(Assert.java:1413)
	at org.testng.Assert.assertEqualsImpl(Assert.java:149)
	at org.testng.Assert.assertEquals(Assert.java:131)
	at org.testng.Assert.assertEquals(Assert.java:1240)
	at pages.UsedCarPage.verifynoofbrands(UsedCarPage.java:43)
	at testcases.dbconnector.TC_HM_003_parameterize_dbfetch_util(dbconnector.java:19)
	at sun.reflect.NativeMethodAccessorImpl.invoke0(Native Method)
	at sun.reflect.NativeMethodAccessorImpl.invoke(NativeMethodAccessorImpl.java:62)
	at sun.reflect.DelegatingMethodAccessorImpl.invoke(DelegatingMethodAccessorImpl.java:43)
	at java.lang.reflect.Method.invoke(Method.java:498)
	at org.testng.internal.invokers.MethodInvocationHelper.invokeMethod(MethodInvocationHelper.java:135)
	at org.testng.internal.invokers.TestInvoker.invokeMethod(TestInvoker.java:673)
	at org.testng.internal.invokers.TestInvoker.retryFailed(TestInvoker.java:262)
	at org.testng.internal.invokers.MethodRunner.runInSequence(MethodRunner.java:62)
	at org.testng.internal.invokers.TestInvoker$MethodInvocationAgent.invoke(TestInvoker.java:945)
	at org.testng.internal.invokers.TestInvoker.invokeTestMethods(TestInvoker.java:193)
	at org.testng.internal.invokers.TestMethodWorker.invokeTestMethods(TestMethodWorker.java:146)
	at org.testng.internal.invokers.TestMethodWorker.run(TestMethodWorker.java:128)
	at java.util.concurrent.ThreadPoolExecutor.runWorker(ThreadPoolExecutor.java:1149)
	at java.util.concurrent.ThreadPoolExecutor$Worker.run(ThreadPoolExecutor.java:624)
	at java.lang.Thread.run(Thread.java:750)
</textarea>
				</td>
			</tr>
	</tbody>
</table>
</div>
<div class="detail-foot">
	<ul class="attachments">
			<img class='r-img' onerror='this.style.display="none"' data-featherlight='C:\Users\adars\workspace\POM_OCT_22\reports\2022.11.08.14.48.53.png' src='C:\Users\adars\workspace\POM_OCT_22\reports\2022.11.08.14.48.53.png'>
	</ul>
</div>
					</div>
				</li>
				<li class="test-item"  status="pass" test-id="23"
					author=""
					tag=""
					device="">
					<div class="status-avatar pass-bg">
						<i class="fa fa-check text-white"></i>
					</div>
					<div class="open-test">
						<div class="test-detail">
							<p class="name">TC_HM_003_parameterize_excel_util</p>
							<p class="duration text-sm">0h 0m 14s+841ms</p>
							<span class="datetime">14:48:53 PM</span>
						</div>
					</div>
					<div class="test-contents d-none">
						<div class="detail-head">
							<div class="p-v-10 d-inline-block">
								<div class="info">
									<h5 class="test-status text-pass">TC_HM_003_parameterize_excel_util</h5>
									<span class='badge badge-success'>11.08.2022 14:48:53</span>
									<span class='badge badge-danger'>11.08.2022 14:49:08</span>
									<span class='badge badge-default'>0h 0m 14s+841ms</span>
								</div>
								<div class="m-t-10 m-l-5">
									
								</div>
							</div>
						</div>
<div class="detail-body mt-4">                                              
<table class="table table-sm">
	<thead><tr>
		<th class="status-col">Status</th>
		<th class="timestamp-col">Timestamp</th>
		<th class="details-col">Details</th>
	</tr></thead>
	<tbody>
			<tr class="event-row">
				<td><i class="fa fa-check text-pass"></i></td>
				<td>2:49:08 PM</td>
				<td>
						Test Passed
				</td>
			</tr>
	</tbody>
</table>
</div>
					</div>
				</li>
				<li class="test-item"  status="fail" test-id="24"
					author=""
					tag=""
					device="">
					<div class="status-avatar fail-bg">
						<i class="fa fa-times text-white"></i>
					</div>
					<div class="open-test">
						<div class="test-detail">
							<p class="name">TC_HM_003_parameterize_excel_util1</p>
							<p class="duration text-sm">0h 0m 13s+175ms</p>
							<span class="datetime">14:48:58 PM</span>
						</div>
					</div>
					<div class="test-contents d-none">
						<div class="detail-head">
							<div class="p-v-10 d-inline-block">
								<div class="info">
									<h5 class="test-status text-fail">TC_HM_003_parameterize_excel_util1</h5>
									<span class='badge badge-success'>11.08.2022 14:48:58</span>
									<span class='badge badge-danger'>11.08.2022 14:49:11</span>
									<span class='badge badge-default'>0h 0m 13s+175ms</span>
								</div>
								<div class="m-t-10 m-l-5">
									
								</div>
							</div>
						</div>
<div class="detail-body mt-4">                                              
<table class="table table-sm">
	<thead><tr>
		<th class="status-col">Status</th>
		<th class="timestamp-col">Timestamp</th>
		<th class="details-col">Details</th>
	</tr></thead>
	<tbody>
			<tr class="event-row">
				<td><i class="fa fa-times text-fail"></i></td>
				<td>2:49:11 PM</td>
				<td>
						<textarea disabled class="code-block">java.lang.AssertionError: Not matching expected [50] but found [49]
	at org.testng.Assert.fail(Assert.java:110)
	at org.testng.Assert.failNotEquals(Assert.java:1413)
	at org.testng.Assert.assertEqualsImpl(Assert.java:149)
	at org.testng.Assert.assertEquals(Assert.java:131)
	at org.testng.Assert.assertEquals(Assert.java:1240)
	at pages.UsedCarPage.verifynoofbrands(UsedCarPage.java:43)
	at testcases.TC_HM_003_parameterize_excel_util1.TC_HM_003_parameterize_excel_util1(TC_HM_003_parameterize_excel_util1.java:21)
	at sun.reflect.NativeMethodAccessorImpl.invoke0(Native Method)
	at sun.reflect.NativeMethodAccessorImpl.invoke(NativeMethodAccessorImpl.java:62)
	at sun.reflect.DelegatingMethodAccessorImpl.invoke(DelegatingMethodAccessorImpl.java:43)
	at java.lang.reflect.Method.invoke(Method.java:498)
	at org.testng.internal.invokers.MethodInvocationHelper.invokeMethod(MethodInvocationHelper.java:135)
	at org.testng.internal.invokers.TestInvoker.invokeMethod(TestInvoker.java:673)
	at org.testng.internal.invokers.TestInvoker.invokeTestMethod(TestInvoker.java:220)
	at org.testng.internal.invokers.MethodRunner.runInSequence(MethodRunner.java:50)
	at org.testng.internal.invokers.TestInvoker$MethodInvocationAgent.invoke(TestInvoker.java:945)
	at org.testng.internal.invokers.TestInvoker.invokeTestMethods(TestInvoker.java:193)
	at org.testng.internal.invokers.TestMethodWorker.invokeTestMethods(TestMethodWorker.java:146)
	at org.testng.internal.invokers.TestMethodWorker.run(TestMethodWorker.java:128)
	at java.util.concurrent.ThreadPoolExecutor.runWorker(ThreadPoolExecutor.java:1149)
	at java.util.concurrent.ThreadPoolExecutor$Worker.run(ThreadPoolExecutor.java:624)
	at java.lang.Thread.run(Thread.java:750)
</textarea>
				</td>
			</tr>
	</tbody>
</table>
</div>
<div class="detail-foot">
	<ul class="attachments">
			<img class='r-img' onerror='this.style.display="none"' data-featherlight='C:\Users\adars\workspace\POM_OCT_22\reports\2022.11.08.14.49.12.png' src='C:\Users\adars\workspace\POM_OCT_22\reports\2022.11.08.14.49.12.png'>
	</ul>
</div>
					</div>
				</li>
				<li class="test-item"  status="pass" test-id="25"
					author=""
					tag=""
					device="">
					<div class="status-avatar pass-bg">
						<i class="fa fa-check text-white"></i>
					</div>
					<div class="open-test">
						<div class="test-detail">
							<p class="name">TC_HM_003_parameterize_dbfetch_util</p>
							<p class="duration text-sm">0h 0m 0s+0ms</p>
							<span class="datetime">14:48:58 PM</span>
						</div>
					</div>
					<div class="test-contents d-none">
						<div class="detail-head">
							<div class="p-v-10 d-inline-block">
								<div class="info">
									<h5 class="test-status text-pass">TC_HM_003_parameterize_dbfetch_util</h5>
									<span class='badge badge-success'>11.08.2022 14:48:58</span>
									<span class='badge badge-danger'>11.08.2022 14:48:58</span>
									<span class='badge badge-default'>0h 0m 0s+0ms</span>
								</div>
								<div class="m-t-10 m-l-5">
									
								</div>
							</div>
						</div>
					</div>
				</li>
				<li class="test-item"  status="fail" test-id="26"
					author=""
					tag=""
					device="">
					<div class="status-avatar fail-bg">
						<i class="fa fa-times text-white"></i>
					</div>
					<div class="open-test">
						<div class="test-detail">
							<p class="name">TC_HM_003_parameterize_dbfetch_util</p>
							<p class="duration text-sm">0h 0m 7s+256ms</p>
							<span class="datetime">14:49:15 PM</span>
						</div>
					</div>
					<div class="test-contents d-none">
						<div class="detail-head">
							<div class="p-v-10 d-inline-block">
								<div class="info">
									<h5 class="test-status text-fail">TC_HM_003_parameterize_dbfetch_util</h5>
									<span class='badge badge-success'>11.08.2022 14:49:15</span>
									<span class='badge badge-danger'>11.08.2022 14:49:23</span>
									<span class='badge badge-default'>0h 0m 7s+256ms</span>
								</div>
								<div class="m-t-10 m-l-5">
									
								</div>
							</div>
						</div>
<div class="detail-body mt-4">                                              
<table class="table table-sm">
	<thead><tr>
		<th class="status-col">Status</th>
		<th class="timestamp-col">Timestamp</th>
		<th class="details-col">Details</th>
	</tr></thead>
	<tbody>
			<tr class="event-row">
				<td><i class="fa fa-times text-fail"></i></td>
				<td>2:49:23 PM</td>
				<td>
						<textarea disabled class="code-block">java.lang.AssertionError: Not matching expected [28] but found [49]
	at org.testng.Assert.fail(Assert.java:110)
	at org.testng.Assert.failNotEquals(Assert.java:1413)
	at org.testng.Assert.assertEqualsImpl(Assert.java:149)
	at org.testng.Assert.assertEquals(Assert.java:131)
	at org.testng.Assert.assertEquals(Assert.java:1240)
	at pages.UsedCarPage.verifynoofbrands(UsedCarPage.java:43)
	at testcases.dbconnector.TC_HM_003_parameterize_dbfetch_util(dbconnector.java:19)
	at sun.reflect.NativeMethodAccessorImpl.invoke0(Native Method)
	at sun.reflect.NativeMethodAccessorImpl.invoke(NativeMethodAccessorImpl.java:62)
	at sun.reflect.DelegatingMethodAccessorImpl.invoke(DelegatingMethodAccessorImpl.java:43)
	at java.lang.reflect.Method.invoke(Method.java:498)
	at org.testng.internal.invokers.MethodInvocationHelper.invokeMethod(MethodInvocationHelper.java:135)
	at org.testng.internal.invokers.TestInvoker.invokeMethod(TestInvoker.java:673)
	at org.testng.internal.invokers.TestInvoker.retryFailed(TestInvoker.java:262)
	at org.testng.internal.invokers.MethodRunner.runInSequence(MethodRunner.java:62)
	at org.testng.internal.invokers.TestInvoker$MethodInvocationAgent.invoke(TestInvoker.java:945)
	at org.testng.internal.invokers.TestInvoker.invokeTestMethods(TestInvoker.java:193)
	at org.testng.internal.invokers.TestMethodWorker.invokeTestMethods(TestMethodWorker.java:146)
	at org.testng.internal.invokers.TestMethodWorker.run(TestMethodWorker.java:128)
	at java.util.concurrent.ThreadPoolExecutor.runWorker(ThreadPoolExecutor.java:1149)
	at java.util.concurrent.ThreadPoolExecutor$Worker.run(ThreadPoolExecutor.java:624)
	at java.lang.Thread.run(Thread.java:750)
</textarea>
				</td>
			</tr>
	</tbody>
</table>
</div>
<div class="detail-foot">
	<ul class="attachments">
			<img class='r-img' onerror='this.style.display="none"' data-featherlight='C:\Users\adars\workspace\POM_OCT_22\reports\2022.11.08.14.49.24.png' src='C:\Users\adars\workspace\POM_OCT_22\reports\2022.11.08.14.49.24.png'>
	</ul>
</div>
					</div>
				</li>
				<li class="test-item"  status="pass" test-id="27"
					author=""
					tag=""
					device="">
					<div class="status-avatar pass-bg">
						<i class="fa fa-check text-white"></i>
					</div>
					<div class="open-test">
						<div class="test-detail">
							<p class="name">TC_HM_003_parameterize_dbfetch_util</p>
							<p class="duration text-sm">0h 0m 0s+0ms</p>
							<span class="datetime">14:49:27 PM</span>
						</div>
					</div>
					<div class="test-contents d-none">
						<div class="detail-head">
							<div class="p-v-10 d-inline-block">
								<div class="info">
									<h5 class="test-status text-pass">TC_HM_003_parameterize_dbfetch_util</h5>
									<span class='badge badge-success'>11.08.2022 14:49:27</span>
									<span class='badge badge-danger'>11.08.2022 14:49:27</span>
									<span class='badge badge-default'>0h 0m 0s+0ms</span>
								</div>
								<div class="m-t-10 m-l-5">
									
								</div>
							</div>
						</div>
					</div>
				</li>
				<li class="test-item"  status="fail" test-id="28"
					author=""
					tag=""
					device="">
					<div class="status-avatar fail-bg">
						<i class="fa fa-times text-white"></i>
					</div>
					<div class="open-test">
						<div class="test-detail">
							<p class="name">TC_HM_003_parameterize_dbfetch_util</p>
							<p class="duration text-sm">0h 0m 7s+235ms</p>
							<span class="datetime">14:49:37 PM</span>
						</div>
					</div>
					<div class="test-contents d-none">
						<div class="detail-head">
							<div class="p-v-10 d-inline-block">
								<div class="info">
									<h5 class="test-status text-fail">TC_HM_003_parameterize_dbfetch_util</h5>
									<span class='badge badge-success'>11.08.2022 14:49:37</span>
									<span class='badge badge-danger'>11.08.2022 14:49:44</span>
									<span class='badge badge-default'>0h 0m 7s+235ms</span>
								</div>
								<div class="m-t-10 m-l-5">
									
								</div>
							</div>
						</div>
<div class="detail-body mt-4">                                              
<table class="table table-sm">
	<thead><tr>
		<th class="status-col">Status</th>
		<th class="timestamp-col">Timestamp</th>
		<th class="details-col">Details</th>
	</tr></thead>
	<tbody>
			<tr class="event-row">
				<td><i class="fa fa-times text-fail"></i></td>
				<td>2:49:44 PM</td>
				<td>
						<textarea disabled class="code-block">java.lang.AssertionError: Not matching expected [31] but found [49]
	at org.testng.Assert.fail(Assert.java:110)
	at org.testng.Assert.failNotEquals(Assert.java:1413)
	at org.testng.Assert.assertEqualsImpl(Assert.java:149)
	at org.testng.Assert.assertEquals(Assert.java:131)
	at org.testng.Assert.assertEquals(Assert.java:1240)
	at pages.UsedCarPage.verifynoofbrands(UsedCarPage.java:43)
	at testcases.dbconnector.TC_HM_003_parameterize_dbfetch_util(dbconnector.java:19)
	at sun.reflect.NativeMethodAccessorImpl.invoke0(Native Method)
	at sun.reflect.NativeMethodAccessorImpl.invoke(NativeMethodAccessorImpl.java:62)
	at sun.reflect.DelegatingMethodAccessorImpl.invoke(DelegatingMethodAccessorImpl.java:43)
	at java.lang.reflect.Method.invoke(Method.java:498)
	at org.testng.internal.invokers.MethodInvocationHelper.invokeMethod(MethodInvocationHelper.java:135)
	at org.testng.internal.invokers.TestInvoker.invokeMethod(TestInvoker.java:673)
	at org.testng.internal.invokers.TestInvoker.retryFailed(TestInvoker.java:262)
	at org.testng.internal.invokers.MethodRunner.runInSequence(MethodRunner.java:62)
	at org.testng.internal.invokers.TestInvoker$MethodInvocationAgent.invoke(TestInvoker.java:945)
	at org.testng.internal.invokers.TestInvoker.invokeTestMethods(TestInvoker.java:193)
	at org.testng.internal.invokers.TestMethodWorker.invokeTestMethods(TestMethodWorker.java:146)
	at org.testng.internal.invokers.TestMethodWorker.run(TestMethodWorker.java:128)
	at java.util.concurrent.ThreadPoolExecutor.runWorker(ThreadPoolExecutor.java:1149)
	at java.util.concurrent.ThreadPoolExecutor$Worker.run(ThreadPoolExecutor.java:624)
	at java.lang.Thread.run(Thread.java:750)
</textarea>
				</td>
			</tr>
	</tbody>
</table>
</div>
<div class="detail-foot">
	<ul class="attachments">
			<img class='r-img' onerror='this.style.display="none"' data-featherlight='C:\Users\adars\workspace\POM_OCT_22\reports\2022.11.08.14.49.45.png' src='C:\Users\adars\workspace\POM_OCT_22\reports\2022.11.08.14.49.45.png'>
	</ul>
</div>
					</div>
				</li>
				<li class="test-item"  status="pass" test-id="29"
					author=""
					tag=""
					device="">
					<div class="status-avatar pass-bg">
						<i class="fa fa-check text-white"></i>
					</div>
					<div class="open-test">
						<div class="test-detail">
							<p class="name">TC_HM_003_parameterize_dbfetch_util</p>
							<p class="duration text-sm">0h 0m 0s+0ms</p>
							<span class="datetime">14:49:48 PM</span>
						</div>
					</div>
					<div class="test-contents d-none">
						<div class="detail-head">
							<div class="p-v-10 d-inline-block">
								<div class="info">
									<h5 class="test-status text-pass">TC_HM_003_parameterize_dbfetch_util</h5>
									<span class='badge badge-success'>11.08.2022 14:49:48</span>
									<span class='badge badge-danger'>11.08.2022 14:49:48</span>
									<span class='badge badge-default'>0h 0m 0s+0ms</span>
								</div>
								<div class="m-t-10 m-l-5">
									
								</div>
							</div>
						</div>
					</div>
				</li>
				<li class="test-item"  status="fail" test-id="30"
					author=""
					tag=""
					device="">
					<div class="status-avatar fail-bg">
						<i class="fa fa-times text-white"></i>
					</div>
					<div class="open-test">
						<div class="test-detail">
							<p class="name">TC_HM_003_parameterize_dbfetch_util</p>
							<p class="duration text-sm">0h 0m 9s+207ms</p>
							<span class="datetime">14:49:58 PM</span>
						</div>
					</div>
					<div class="test-contents d-none">
						<div class="detail-head">
							<div class="p-v-10 d-inline-block">
								<div class="info">
									<h5 class="test-status text-fail">TC_HM_003_parameterize_dbfetch_util</h5>
									<span class='badge badge-success'>11.08.2022 14:49:58</span>
									<span class='badge badge-danger'>11.08.2022 14:50:08</span>
									<span class='badge badge-default'>0h 0m 9s+207ms</span>
								</div>
								<div class="m-t-10 m-l-5">
									
								</div>
							</div>
						</div>
<div class="detail-body mt-4">                                              
<table class="table table-sm">
	<thead><tr>
		<th class="status-col">Status</th>
		<th class="timestamp-col">Timestamp</th>
		<th class="details-col">Details</th>
	</tr></thead>
	<tbody>
			<tr class="event-row">
				<td><i class="fa fa-times text-fail"></i></td>
				<td>2:50:08 PM</td>
				<td>
						<textarea disabled class="code-block">java.lang.AssertionError: Not matching expected [35] but found [49]
	at org.testng.Assert.fail(Assert.java:110)
	at org.testng.Assert.failNotEquals(Assert.java:1413)
	at org.testng.Assert.assertEqualsImpl(Assert.java:149)
	at org.testng.Assert.assertEquals(Assert.java:131)
	at org.testng.Assert.assertEquals(Assert.java:1240)
	at pages.UsedCarPage.verifynoofbrands(UsedCarPage.java:43)
	at testcases.dbconnector.TC_HM_003_parameterize_dbfetch_util(dbconnector.java:19)
	at sun.reflect.NativeMethodAccessorImpl.invoke0(Native Method)
	at sun.reflect.NativeMethodAccessorImpl.invoke(NativeMethodAccessorImpl.java:62)
	at sun.reflect.DelegatingMethodAccessorImpl.invoke(DelegatingMethodAccessorImpl.java:43)
	at java.lang.reflect.Method.invoke(Method.java:498)
	at org.testng.internal.invokers.MethodInvocationHelper.invokeMethod(MethodInvocationHelper.java:135)
	at org.testng.internal.invokers.TestInvoker.invokeMethod(TestInvoker.java:673)
	at org.testng.internal.invokers.TestInvoker.retryFailed(TestInvoker.java:262)
	at org.testng.internal.invokers.MethodRunner.runInSequence(MethodRunner.java:62)
	at org.testng.internal.invokers.TestInvoker$MethodInvocationAgent.invoke(TestInvoker.java:945)
	at org.testng.internal.invokers.TestInvoker.invokeTestMethods(TestInvoker.java:193)
	at org.testng.internal.invokers.TestMethodWorker.invokeTestMethods(TestMethodWorker.java:146)
	at org.testng.internal.invokers.TestMethodWorker.run(TestMethodWorker.java:128)
	at java.util.concurrent.ThreadPoolExecutor.runWorker(ThreadPoolExecutor.java:1149)
	at java.util.concurrent.ThreadPoolExecutor$Worker.run(ThreadPoolExecutor.java:624)
	at java.lang.Thread.run(Thread.java:750)
</textarea>
				</td>
			</tr>
	</tbody>
</table>
</div>
<div class="detail-foot">
	<ul class="attachments">
			<img class='r-img' onerror='this.style.display="none"' data-featherlight='C:\Users\adars\workspace\POM_OCT_22\reports\2022.11.08.14.50.08.png' src='C:\Users\adars\workspace\POM_OCT_22\reports\2022.11.08.14.50.08.png'>
	</ul>
</div>
					</div>
				</li>
				<li class="test-item"  status="pass" test-id="31"
					author=""
					tag=""
					device="">
					<div class="status-avatar pass-bg">
						<i class="fa fa-check text-white"></i>
					</div>
					<div class="open-test">
						<div class="test-detail">
							<p class="name">TC_HM_003_parameterize_dbfetch_util</p>
							<p class="duration text-sm">0h 0m 7s+802ms</p>
							<span class="datetime">14:50:11 PM</span>
						</div>
					</div>
					<div class="test-contents d-none">
						<div class="detail-head">
							<div class="p-v-10 d-inline-block">
								<div class="info">
									<h5 class="test-status text-pass">TC_HM_003_parameterize_dbfetch_util</h5>
									<span class='badge badge-success'>11.08.2022 14:50:11</span>
									<span class='badge badge-danger'>11.08.2022 14:50:19</span>
									<span class='badge badge-default'>0h 0m 7s+802ms</span>
								</div>
								<div class="m-t-10 m-l-5">
									
								</div>
							</div>
						</div>
<div class="detail-body mt-4">                                              
<table class="table table-sm">
	<thead><tr>
		<th class="status-col">Status</th>
		<th class="timestamp-col">Timestamp</th>
		<th class="details-col">Details</th>
	</tr></thead>
	<tbody>
			<tr class="event-row">
				<td><i class="fa fa-check text-pass"></i></td>
				<td>2:50:19 PM</td>
				<td>
						Test Passed
				</td>
			</tr>
	</tbody>
</table>
</div>
					</div>
				</li>
			</ul>
		</div>
	</div>
	<div class="test-content scrollable">
		<div class="test-content-tools">
			<ul>
				<li>
					<a class="back-to-test" href="javascript:void(0)">
					<i class="fa fa-arrow-left"></i>
					</a>
				</li>
			</ul>
		</div>
		<div class="test-content-detail">
			<div class="detail-body"></div>
		</div>
	</div>
</div><div class="test-wrapper row exception-view attributes-view">
	<div class="test-list">
		<div class="test-list-tools">
			<ul class="tools pull-left">
				<li>
					<a href="">
					<span class="font-size-14">Exception</span>
					</a>
				</li>
			</ul>
			<ul class="tools text-right">
				<li>
					<a href="#">
					<span class="badge badge-primary">1</span>
					</a>
				</li>
			</ul>
		</div>
		<div class="test-list-wrapper scrollable">
			<ul class="test-list-item">
				<li class="test-item">
					<div class="open-test">
						<div class="test-detail">
							<p class="name">java.lang.AssertionError</p>
							<p class="duration text-sm">12 tests</p>
						</div>
					</div>
					<div class="test-contents d-none">
						<div class="info">
							<h4>java.lang.AssertionError</h4>
						</div>
						<table class='table table-sm mt-4'>
							<thead>
								<tr>
									<th class="status-col">Status</th>
									<th class="timestamp-col">Timestamp</th>
									<th>TestName</th>
								</tr>
							</thead>
							<tbody>
								<tr>
									<td>
										<div class='status-avatar fail-bg'>
											<i class="fa fa-times text-white"></i>
										</div>
									</td>
									<td>14:45:55 PM</td>
									<td class='linked' test-id='2'>
										TC_HM_003
									</td>
								</tr>
								<tr>
									<td>
										<div class='status-avatar fail-bg'>
											<i class="fa fa-times text-white"></i>
										</div>
									</td>
									<td>14:45:55 PM</td>
									<td class='linked' test-id='3'>
										TC_HM_003_parameterizer
									</td>
								</tr>
								<tr>
									<td>
										<div class='status-avatar fail-bg'>
											<i class="fa fa-times text-white"></i>
										</div>
									</td>
									<td>14:46:31 PM</td>
									<td class='linked' test-id='7'>
										TC_HM_003_parameterize_excel_util1
									</td>
								</tr>
								<tr>
									<td>
										<div class='status-avatar fail-bg'>
											<i class="fa fa-times text-white"></i>
										</div>
									</td>
									<td>14:46:31 PM</td>
									<td class='linked' test-id='8'>
										TC_HM_003_parameterizer
									</td>
								</tr>
								<tr>
									<td>
										<div class='status-avatar fail-bg'>
											<i class="fa fa-times text-white"></i>
										</div>
									</td>
									<td>14:47:21 PM</td>
									<td class='linked' test-id='12'>
										TC_HM_003_parameterize_excel_util1
									</td>
								</tr>
								<tr>
									<td>
										<div class='status-avatar fail-bg'>
											<i class="fa fa-times text-white"></i>
										</div>
									</td>
									<td>14:47:27 PM</td>
									<td class='linked' test-id='14'>
										TC_HM_003_parameterize_dbfetch_util
									</td>
								</tr>
								<tr>
									<td>
										<div class='status-avatar fail-bg'>
											<i class="fa fa-times text-white"></i>
										</div>
									</td>
									<td>14:47:58 PM</td>
									<td class='linked' test-id='17'>
										TC_HM_003_parameterize_excel_util1
									</td>
								</tr>
								<tr>
									<td>
										<div class='status-avatar fail-bg'>
											<i class="fa fa-times text-white"></i>
										</div>
									</td>
									<td>14:48:31 PM</td>
									<td class='linked' test-id='22'>
										TC_HM_003_parameterize_dbfetch_util
									</td>
								</tr>
								<tr>
									<td>
										<div class='status-avatar fail-bg'>
											<i class="fa fa-times text-white"></i>
										</div>
									</td>
									<td>14:48:58 PM</td>
									<td class='linked' test-id='24'>
										TC_HM_003_parameterize_excel_util1
									</td>
								</tr>
								<tr>
									<td>
										<div class='status-avatar fail-bg'>
											<i class="fa fa-times text-white"></i>
										</div>
									</td>
									<td>14:49:15 PM</td>
									<td class='linked' test-id='26'>
										TC_HM_003_parameterize_dbfetch_util
									</td>
								</tr>
								<tr>
									<td>
										<div class='status-avatar fail-bg'>
											<i class="fa fa-times text-white"></i>
										</div>
									</td>
									<td>14:49:37 PM</td>
									<td class='linked' test-id='28'>
										TC_HM_003_parameterize_dbfetch_util
									</td>
								</tr>
								<tr>
									<td>
										<div class='status-avatar fail-bg'>
											<i class="fa fa-times text-white"></i>
										</div>
									</td>
									<td>14:49:58 PM</td>
									<td class='linked' test-id='30'>
										TC_HM_003_parameterize_dbfetch_util
									</td>
								</tr>
							</tbody>
						</table>
					</div>
				</li>
			</ul>
		</div>
	</div>
	<div class="test-content scrollable">
		<div class="test-content-tools">
			<ul>
				<li>
					<a class="back-to-test" href="javascript:void(0)">
					<i class="fa fa-arrow-left"></i>
					</a>
				</li>
			</ul>
		</div>
		<div class="test-content-detail">
			<div class="detail-body"></div>
		</div>
	</div>
</div>                    <!-- dashboard -->
<div class="container-fluid p-4 dashboard-view">
	<div class="row">
		<div class="col-md-6">
			<div class="card">
				<div class="card-header">
					<h6 class="card-title">Tests</h6>
				</div>
				<div class="card-body">
					<div class="">
						<canvas id='parent-analysis' width='115' height='90'></canvas>
					</div>
				</div>
				<div class="card-footer">
					<div><small data-tooltip='61.29%'>
						<b>19</b> tests passed
						</small>
					</div>
					<div>
						<small data-tooltip='38.71%'><b>12</b> tests failed, 
						<b>0</b> skipped, <b data-tooltip='0%'>0</b> others
						</small>
					</div>
				</div>
			</div>
		</div>
		<div class="col-md-6">
			<div class="card">
				<div class="card-header">
					<h6 class="card-title">Log events</h6>
				</div>
				<div class="card-body">
					<div class="">
						<canvas id='events-analysis' width='115' height='90'></canvas>
					</div>
				</div>
				<div class="card-footer">
					<div><small data-tooltip='53.846%'><b>14</b> events passed</small></div>
					<div>
						<small data-tooltip='46.154%'><b>12</b> events failed, 
						<b data-tooltip='0%'>0</b> others
						</small>
					</div>
				</div>
			</div>
		</div>
	</div>
	<div class="row">
		<div class="col-md-3">
			<div class="card">
				<div class="card-body box-height-150">
					<div class="media justify-content-between">
						<div class="card-header">
							<h6 class="card-title">Tests</h6>
							<h2 class="font-size-28 font-weight-light mt-3">31</h2>
							<span class="text-semibold text-success font-size-15">
							<i class="ti-arrow-up font-size-11"></i> 
							<span>61.29%</span>
							</span>
						</div>
						<div class="align-self-end">
							<i class="fa fa-align-left font-size-70 opacity-01"></i>
						</div>
					</div>
				</div>
			</div>
		</div>
		<div class="col-md-3">
			<div class="card">
				<div class="card-body box-height-150">
					<div class="media justify-content-between">
						<div class="card-header">
							<h6 class="card-title">Start</h6>
							<h4 class="font-weight-light mt-4">Nov 8, 2022 02:45:41 PM</h4>
							<span class="text-semibold text-success font-size-15">
						</div>
						<div class="align-self-end">
							<i class="fa fa-clock-o font-size-70 text-success opacity-01"></i>
						</div>
					</div>
				</div>
			</div>
		</div>
		<div class="col-md-3">
			<div class="card">
				<div class="card-body box-height-150">
					<div class="media justify-content-between">
						<div class="card-header">
							<h6 class="card-title">Duration</h6>
							<h4 class="font-weight-light mt-4">0h 4m 38s+924ms</h4>
							<span class="text-semibold font-size-15">
						</div>
						<div class="align-self-end">
							<i class="fa fa-clock-o font-size-70 opacity-01"></i>
						</div>
					</div>
				</div>
			</div>
		</div>
	</div>
	<div class="row">
		<div class="col-md-12">
			<div class="card">
				<div class="card-header">
					<h6 class="card-title">Timeline</h6>
				</div>
				<div class="card-body">
					<div class="">
						<canvas id="timeline" height="120"></canvas>
					</div>
				</div>
			</div>
		</div>
	</div>
	<div class="row">
		<div class="col-md-4">
			<div class="card">
				<div class="card-header">
					<h6 class="card-title">Environment</h6>
				</div>
				<div class="table-overflow">
					<table class="table table-sm">
						<thead>
							<tr class="bg-gray">
								<th>Name</th>
								<th>Value</th>
							</tr>
						</thead>
						<tbody>
							<tr>
								<td>Tester</td>
								<td>Adarsh</td>
							</tr>
						</tbody>
					</table>
				</div>
			</div>
		</div>
	</div>
</div>
<script>
	var statusGroup = {
	    parentCount: 31,
		passParent: 19,
		failParent: 12,
		fatalParent: 0,
		errorParent: 0,
		warningParent: 0,
		skipParent: 0,
		exceptionsParent: 12,
		childCount: 0,
		passChild: 0,
		failChild: 0,
		fatalChild: 0,
		errorChild: 0,
		warningChild: 0,
		skipChild: 0,
		infoChild: 0,
		debugChild: 0,
		exceptionsChild: 0,
		grandChildCount: 0,
		passGrandChild: 0,
		failGrandChild: 0,
		fatalGrandChild: 0,
		errorGrandChild: 0,
		warningGrandChild: 0,
		skipGrandChild: 0,
		infoGrandChild: 0,
		debugGrandChild: 0,
		exceptionsGrandChild: 0,
		eventsCount: 26,
		passEvents: 14,
		failEvents: 12,
		fatalEvents: 0,
		errorEvents: 0,
		warningEvents: 0,
		skipEvents: 0,
		infoEvents: 0,
		debugEvents: 0,
		exceptionsEvents: 0
	};
</script>
<script>
	var timeline = {
	        "TC_HM_002":23,"TC_HM_003":33.161,"TC_HM_001":8.593,"TC_HM_003_parameterizer":26.857,"TC_HM_003_parameterize_excel":33.078,"TC_HM_003_parameterize_excel_util":38.791,"TC_HM_003_parameterize_excel_util1":40.907,"TC_HM_003_parameterizer":29.944,"TC_HM_003_parameterize_excel":28.108,"TC_HM_003_parameterize_dbfetch_util":0,"TC_HM_003_parameterize_excel_util":28.392,"TC_HM_003_parameterize_excel_util1":26.333,"TC_HM_003_parameterize_excel":22.747,"TC_HM_003_parameterize_dbfetch_util":25.085,"TC_HM_003_parameterize_excel_util":25.762,"TC_HM_003_parameterize_excel":23.538,"TC_HM_003_parameterize_excel_util1":23.409,"TC_HM_003_parameterize_dbfetch_util":0,"TC_HM_003_parameterize_excel_util":23.643,"TC_HM_003_parameterize_excel":21.455,"TC_HM_003_parameterize_excel_util1":21.391,"TC_HM_003_parameterize_dbfetch_util":19.869,"TC_HM_003_parameterize_excel_util":14.841,"TC_HM_003_parameterize_excel_util1":13.175,"TC_HM_003_parameterize_dbfetch_util":0,"TC_HM_003_parameterize_dbfetch_util":7.256,"TC_HM_003_parameterize_dbfetch_util":0,"TC_HM_003_parameterize_dbfetch_util":7.235,"TC_HM_003_parameterize_dbfetch_util":0,"TC_HM_003_parameterize_dbfetch_util":9.207,"TC_HM_003_parameterize_dbfetch_util":7.802
	};
</script>
                </div>
            </div>
        </div>
    </div>
    <script src="https://cdn.jsdelivr.net/gh/extent-framework/extent-github-cdn@b00a2d0486596e73dd7326beacf352c639623a0e/spark/js/spark-script.js"></script>
<script type="text/javascript">


</script></body>
</html>