<?xml version="1.0" encoding="UTF-8"?>
<!-- Generated by org.testng.reporters.JUnitXMLReporter -->
<testsuite hostname="DESKTOP-7QOC93L" ignored="0" name="Parallel Tests" tests="29" failures="8" timestamp="2022-11-08T12:57:40 IST" time="428.882" errors="0">
  <testcase name="TC_HM_001" time="6.474" classname="testcases.TC_HM_001"/>
  <testcase name="TC_HM_002" time="26.621" classname="testcases.TC_HM_002"/>
  <testcase name="TC_HM_003_parameterize_excel_util" time="32.338" classname="testcases.TC_HM_003_parameterize_excel_util"/>
  <testcase name="TC_HM_003_parameterize_dbfetch_util" time="30.855" classname="testcases.dbconnector">
    <skipped/>
  </testcase> <!-- TC_HM_003_parameterize_dbfetch_util -->
  <testcase name="TC_HM_003_parameterize_excel" time="35.573" classname="testcases.TC_HM_003_parameterize_excel"/>
  <testcase name="TC_HM_003" time="35.787" classname="testcases.TC_HM_003">
    <skipped/>
  </testcase> <!-- TC_HM_003 -->
  <testcase name="TC_HM_003_parameterizer" time="35.752" classname="testcases.TC_HM_003_parameterize">
    <skipped/>
  </testcase> <!-- TC_HM_003_parameterizer -->
  <testcase name="TC_HM_003_parameterize_excel_util" time="30.024" classname="testcases.TC_HM_003_parameterize_excel_util"/>
  <testcase name="TC_HM_003_parameterize_dbfetch_util" time="29.813" classname="testcases.dbconnector">
    <failure type="java.lang.AssertionError" message="Not matching expected [31] but found [49]">
      <![CDATA[java.lang.AssertionError: Not matching expected [31] but found [49]
at org.testng.Assert.fail(Assert.java:110)
at org.testng.Assert.failNotEquals(Assert.java:1413)
at org.testng.Assert.assertEqualsImpl(Assert.java:149)
at org.testng.Assert.assertEquals(Assert.java:131)
at org.testng.Assert.assertEquals(Assert.java:1240)
at pages.UsedCarPage.verifynoofbrands(UsedCarPage.java:43)
at testcases.dbconnector.TC_HM_003_parameterize_dbfetch_util(dbconnector.java:19)
at sun.reflect.NativeMethodAccessorImpl.invoke0(Native Method)
at sun.reflect.NativeMethodAccessorImpl.invoke(NativeMethodAccessorImpl.java:62)
at sun.reflect.DelegatingMethodAccessorImpl.invoke(DelegatingMethodAccessorImpl.java:43)
at java.lang.reflect.Method.invoke(Method.java:498)
at org.testng.internal.invokers.MethodInvocationHelper.invokeMethod(MethodInvocationHelper.java:135)
at org.testng.internal.invokers.TestInvoker.invokeMethod(TestInvoker.java:673)
at org.testng.internal.invokers.TestInvoker.retryFailed(TestInvoker.java:262)
at org.testng.internal.invokers.MethodRunner.runInSequence(MethodRunner.java:62)
at org.testng.internal.invokers.TestInvoker$MethodInvocationAgent.invoke(TestInvoker.java:945)
at org.testng.internal.invokers.TestInvoker.invokeTestMethods(TestInvoker.java:193)
at org.testng.internal.invokers.TestMethodWorker.invokeTestMethods(TestMethodWorker.java:146)
at org.testng.internal.invokers.TestMethodWorker.run(TestMethodWorker.java:128)
at java.util.concurrent.ThreadPoolExecutor.runWorker(ThreadPoolExecutor.java:1149)
at java.util.concurrent.ThreadPoolExecutor$Worker.run(ThreadPoolExecutor.java:624)
at java.lang.Thread.run(Thread.java:750)
]]>
    </failure>
  </testcase> <!-- TC_HM_003_parameterize_dbfetch_util -->
  <testcase name="TC_HM_003_parameterizer" time="28.827" classname="testcases.TC_HM_003_parameterize">
    <failure type="java.lang.AssertionError" message="Not matching expected [46] but found [49]">
      <![CDATA[java.lang.AssertionError: Not matching expected [46] but found [49]
at org.testng.Assert.fail(Assert.java:110)
at org.testng.Assert.failNotEquals(Assert.java:1413)
at org.testng.Assert.assertEqualsImpl(Assert.java:149)
at org.testng.Assert.assertEquals(Assert.java:131)
at org.testng.Assert.assertEquals(Assert.java:1240)
at pages.UsedCarPage.verifynoofbrands(UsedCarPage.java:39)
at testcases.TC_HM_003_parameterize.TC_HM_003_parameterizer(TC_HM_003_parameterize.java:18)
at sun.reflect.NativeMethodAccessorImpl.invoke0(Native Method)
at sun.reflect.NativeMethodAccessorImpl.invoke(NativeMethodAccessorImpl.java:62)
at sun.reflect.DelegatingMethodAccessorImpl.invoke(DelegatingMethodAccessorImpl.java:43)
at java.lang.reflect.Method.invoke(Method.java:498)
at org.testng.internal.invokers.MethodInvocationHelper.invokeMethod(MethodInvocationHelper.java:135)
at org.testng.internal.invokers.TestInvoker.invokeMethod(TestInvoker.java:673)
at org.testng.internal.invokers.TestInvoker.retryFailed(TestInvoker.java:262)
at org.testng.internal.invokers.MethodRunner.runInSequence(MethodRunner.java:62)
at org.testng.internal.invokers.TestInvoker$MethodInvocationAgent.invoke(TestInvoker.java:945)
at org.testng.internal.invokers.TestInvoker.invokeTestMethods(TestInvoker.java:193)
at org.testng.internal.invokers.TestMethodWorker.invokeTestMethods(TestMethodWorker.java:146)
at org.testng.internal.invokers.TestMethodWorker.run(TestMethodWorker.java:128)
at java.util.concurrent.ThreadPoolExecutor.runWorker(ThreadPoolExecutor.java:1149)
at java.util.concurrent.ThreadPoolExecutor$Worker.run(ThreadPoolExecutor.java:624)
at java.lang.Thread.run(Thread.java:750)
]]>
    </failure>
  </testcase> <!-- TC_HM_003_parameterizer -->
  <testcase name="TC_HM_003" time="40.952" classname="testcases.TC_HM_003">
    <failure type="java.lang.AssertionError" message="Not matching expected [46] but found [49]">
      <![CDATA[java.lang.AssertionError: Not matching expected [46] but found [49]
at org.testng.Assert.fail(Assert.java:110)
at org.testng.Assert.failNotEquals(Assert.java:1413)
at org.testng.Assert.assertEqualsImpl(Assert.java:149)
at org.testng.Assert.assertEquals(Assert.java:131)
at org.testng.Assert.assertEquals(Assert.java:1240)
at pages.UsedCarPage.verifynoofbrands(UsedCarPage.java:39)
at testcases.TC_HM_003.TC_HM_003(TC_HM_003.java:18)
at sun.reflect.NativeMethodAccessorImpl.invoke0(Native Method)
at sun.reflect.NativeMethodAccessorImpl.invoke(NativeMethodAccessorImpl.java:62)
at sun.reflect.DelegatingMethodAccessorImpl.invoke(DelegatingMethodAccessorImpl.java:43)
at java.lang.reflect.Method.invoke(Method.java:498)
at org.testng.internal.invokers.MethodInvocationHelper.invokeMethod(MethodInvocationHelper.java:135)
at org.testng.internal.invokers.TestInvoker.invokeMethod(TestInvoker.java:673)
at org.testng.internal.invokers.TestInvoker.retryFailed(TestInvoker.java:262)
at org.testng.internal.invokers.MethodRunner.runInSequence(MethodRunner.java:62)
at org.testng.internal.invokers.TestInvoker$MethodInvocationAgent.invoke(TestInvoker.java:945)
at org.testng.internal.invokers.TestInvoker.invokeTestMethods(TestInvoker.java:193)
at org.testng.internal.invokers.TestMethodWorker.invokeTestMethods(TestMethodWorker.java:146)
at org.testng.internal.invokers.TestMethodWorker.run(TestMethodWorker.java:128)
at java.util.concurrent.ThreadPoolExecutor.runWorker(ThreadPoolExecutor.java:1149)
at java.util.concurrent.ThreadPoolExecutor$Worker.run(ThreadPoolExecutor.java:624)
at java.lang.Thread.run(Thread.java:750)
]]>
    </failure>
  </testcase> <!-- TC_HM_003 -->
  <testcase name="TC_HM_003_parameterize_excel_util" time="19.946" classname="testcases.TC_HM_003_parameterize_excel_util"/>
  <testcase name="TC_HM_003_parameterize_dbfetch_util" time="18.171" classname="testcases.dbconnector">
    <skipped/>
  </testcase> <!-- TC_HM_003_parameterize_dbfetch_util -->
  <testcase name="TC_HM_003_parameterizer" time="18.299" classname="testcases.TC_HM_003_parameterize">
    <skipped/>
  </testcase> <!-- TC_HM_003_parameterizer -->
  <testcase name="TC_HM_003_parameterize_excel_util" time="16.242" classname="testcases.TC_HM_003_parameterize_excel_util"/>
  <testcase name="TC_HM_003_parameterize_dbfetch_util" time="15.57" classname="testcases.dbconnector">
    <failure type="java.lang.AssertionError" message="Not matching expected [32] but found [49]">
      <![CDATA[java.lang.AssertionError: Not matching expected [32] but found [49]
at org.testng.Assert.fail(Assert.java:110)
at org.testng.Assert.failNotEquals(Assert.java:1413)
at org.testng.Assert.assertEqualsImpl(Assert.java:149)
at org.testng.Assert.assertEquals(Assert.java:131)
at org.testng.Assert.assertEquals(Assert.java:1240)
at pages.UsedCarPage.verifynoofbrands(UsedCarPage.java:43)
at testcases.dbconnector.TC_HM_003_parameterize_dbfetch_util(dbconnector.java:19)
at sun.reflect.NativeMethodAccessorImpl.invoke0(Native Method)
at sun.reflect.NativeMethodAccessorImpl.invoke(NativeMethodAccessorImpl.java:62)
at sun.reflect.DelegatingMethodAccessorImpl.invoke(DelegatingMethodAccessorImpl.java:43)
at java.lang.reflect.Method.invoke(Method.java:498)
at org.testng.internal.invokers.MethodInvocationHelper.invokeMethod(MethodInvocationHelper.java:135)
at org.testng.internal.invokers.TestInvoker.invokeMethod(TestInvoker.java:673)
at org.testng.internal.invokers.TestInvoker.retryFailed(TestInvoker.java:262)
at org.testng.internal.invokers.MethodRunner.runInSequence(MethodRunner.java:62)
at org.testng.internal.invokers.TestInvoker$MethodInvocationAgent.invoke(TestInvoker.java:945)
at org.testng.internal.invokers.TestInvoker.invokeTestMethods(TestInvoker.java:193)
at org.testng.internal.invokers.TestMethodWorker.invokeTestMethods(TestMethodWorker.java:146)
at org.testng.internal.invokers.TestMethodWorker.run(TestMethodWorker.java:128)
at java.util.concurrent.ThreadPoolExecutor.runWorker(ThreadPoolExecutor.java:1149)
at java.util.concurrent.ThreadPoolExecutor$Worker.run(ThreadPoolExecutor.java:624)
at java.lang.Thread.run(Thread.java:750)
]]>
    </failure>
  </testcase> <!-- TC_HM_003_parameterize_dbfetch_util -->
  <testcase name="TC_HM_003_parameterizer" time="15.835" classname="testcases.TC_HM_003_parameterize">
    <failure type="java.lang.AssertionError" message="Not matching expected [46] but found [49]">
      <![CDATA[java.lang.AssertionError: Not matching expected [46] but found [49]
at org.testng.Assert.fail(Assert.java:110)
at org.testng.Assert.failNotEquals(Assert.java:1413)
at org.testng.Assert.assertEqualsImpl(Assert.java:149)
at org.testng.Assert.assertEquals(Assert.java:131)
at org.testng.Assert.assertEquals(Assert.java:1240)
at pages.UsedCarPage.verifynoofbrands(UsedCarPage.java:39)
at testcases.TC_HM_003_parameterize.TC_HM_003_parameterizer(TC_HM_003_parameterize.java:18)
at sun.reflect.NativeMethodAccessorImpl.invoke0(Native Method)
at sun.reflect.NativeMethodAccessorImpl.invoke(NativeMethodAccessorImpl.java:62)
at sun.reflect.DelegatingMethodAccessorImpl.invoke(DelegatingMethodAccessorImpl.java:43)
at java.lang.reflect.Method.invoke(Method.java:498)
at org.testng.internal.invokers.MethodInvocationHelper.invokeMethod(MethodInvocationHelper.java:135)
at org.testng.internal.invokers.TestInvoker.invokeMethod(TestInvoker.java:673)
at org.testng.internal.invokers.TestInvoker.retryFailed(TestInvoker.java:262)
at org.testng.internal.invokers.MethodRunner.runInSequence(MethodRunner.java:62)
at org.testng.internal.invokers.TestInvoker$MethodInvocationAgent.invoke(TestInvoker.java:945)
at org.testng.internal.invokers.TestInvoker.invokeTestMethods(TestInvoker.java:193)
at org.testng.internal.invokers.TestMethodWorker.invokeTestMethods(TestMethodWorker.java:146)
at org.testng.internal.invokers.TestMethodWorker.run(TestMethodWorker.java:128)
at java.util.concurrent.ThreadPoolExecutor.runWorker(ThreadPoolExecutor.java:1149)
at java.util.concurrent.ThreadPoolExecutor$Worker.run(ThreadPoolExecutor.java:624)
at java.lang.Thread.run(Thread.java:750)
]]>
    </failure>
  </testcase> <!-- TC_HM_003_parameterizer -->
  <testcase name="TC_HM_003_parameterize_excel_util" time="11.602" classname="testcases.TC_HM_003_parameterize_excel_util"/>
  <testcase name="TC_HM_003_parameterize_dbfetch_util" time="11.036" classname="testcases.dbconnector">
    <skipped/>
  </testcase> <!-- TC_HM_003_parameterize_dbfetch_util -->
  <testcase name="TC_HM_003_parameterize_dbfetch_util" time="6.926" classname="testcases.dbconnector">
    <failure type="java.lang.AssertionError" message="Not matching expected [28] but found [49]">
      <![CDATA[java.lang.AssertionError: Not matching expected [28] but found [49]
at org.testng.Assert.fail(Assert.java:110)
at org.testng.Assert.failNotEquals(Assert.java:1413)
at org.testng.Assert.assertEqualsImpl(Assert.java:149)
at org.testng.Assert.assertEquals(Assert.java:131)
at org.testng.Assert.assertEquals(Assert.java:1240)
at pages.UsedCarPage.verifynoofbrands(UsedCarPage.java:43)
at testcases.dbconnector.TC_HM_003_parameterize_dbfetch_util(dbconnector.java:19)
at sun.reflect.NativeMethodAccessorImpl.invoke0(Native Method)
at sun.reflect.NativeMethodAccessorImpl.invoke(NativeMethodAccessorImpl.java:62)
at sun.reflect.DelegatingMethodAccessorImpl.invoke(DelegatingMethodAccessorImpl.java:43)
at java.lang.reflect.Method.invoke(Method.java:498)
at org.testng.internal.invokers.MethodInvocationHelper.invokeMethod(MethodInvocationHelper.java:135)
at org.testng.internal.invokers.TestInvoker.invokeMethod(TestInvoker.java:673)
at org.testng.internal.invokers.TestInvoker.retryFailed(TestInvoker.java:262)
at org.testng.internal.invokers.MethodRunner.runInSequence(MethodRunner.java:62)
at org.testng.internal.invokers.TestInvoker$MethodInvocationAgent.invoke(TestInvoker.java:945)
at org.testng.internal.invokers.TestInvoker.invokeTestMethods(TestInvoker.java:193)
at org.testng.internal.invokers.TestMethodWorker.invokeTestMethods(TestMethodWorker.java:146)
at org.testng.internal.invokers.TestMethodWorker.run(TestMethodWorker.java:128)
at java.util.concurrent.ThreadPoolExecutor.runWorker(ThreadPoolExecutor.java:1149)
at java.util.concurrent.ThreadPoolExecutor$Worker.run(ThreadPoolExecutor.java:624)
at java.lang.Thread.run(Thread.java:750)
]]>
    </failure>
  </testcase> <!-- TC_HM_003_parameterize_dbfetch_util -->
  <testcase name="TC_HM_003_parameterize_dbfetch_util" time="6.805" classname="testcases.dbconnector">
    <skipped/>
  </testcase> <!-- TC_HM_003_parameterize_dbfetch_util -->
  <testcase name="TC_HM_003_parameterize_dbfetch_util" time="7.506" classname="testcases.dbconnector">
    <failure type="java.lang.AssertionError" message="Not matching expected [31] but found [49]">
      <![CDATA[java.lang.AssertionError: Not matching expected [31] but found [49]
at org.testng.Assert.fail(Assert.java:110)
at org.testng.Assert.failNotEquals(Assert.java:1413)
at org.testng.Assert.assertEqualsImpl(Assert.java:149)
at org.testng.Assert.assertEquals(Assert.java:131)
at org.testng.Assert.assertEquals(Assert.java:1240)
at pages.UsedCarPage.verifynoofbrands(UsedCarPage.java:43)
at testcases.dbconnector.TC_HM_003_parameterize_dbfetch_util(dbconnector.java:19)
at sun.reflect.NativeMethodAccessorImpl.invoke0(Native Method)
at sun.reflect.NativeMethodAccessorImpl.invoke(NativeMethodAccessorImpl.java:62)
at sun.reflect.DelegatingMethodAccessorImpl.invoke(DelegatingMethodAccessorImpl.java:43)
at java.lang.reflect.Method.invoke(Method.java:498)
at org.testng.internal.invokers.MethodInvocationHelper.invokeMethod(MethodInvocationHelper.java:135)
at org.testng.internal.invokers.TestInvoker.invokeMethod(TestInvoker.java:673)
at org.testng.internal.invokers.TestInvoker.retryFailed(TestInvoker.java:262)
at org.testng.internal.invokers.MethodRunner.runInSequence(MethodRunner.java:62)
at org.testng.internal.invokers.TestInvoker$MethodInvocationAgent.invoke(TestInvoker.java:945)
at org.testng.internal.invokers.TestInvoker.invokeTestMethods(TestInvoker.java:193)
at org.testng.internal.invokers.TestMethodWorker.invokeTestMethods(TestMethodWorker.java:146)
at org.testng.internal.invokers.TestMethodWorker.run(TestMethodWorker.java:128)
at java.util.concurrent.ThreadPoolExecutor.runWorker(ThreadPoolExecutor.java:1149)
at java.util.concurrent.ThreadPoolExecutor$Worker.run(ThreadPoolExecutor.java:624)
at java.lang.Thread.run(Thread.java:750)
]]>
    </failure>
  </testcase> <!-- TC_HM_003_parameterize_dbfetch_util -->
  <testcase name="TC_HM_003_parameterize_dbfetch_util" time="7.619" classname="testcases.dbconnector">
    <skipped/>
  </testcase> <!-- TC_HM_003_parameterize_dbfetch_util -->
  <testcase name="TC_HM_003_parameterize_dbfetch_util" time="7.358" classname="testcases.dbconnector">
    <failure type="java.lang.AssertionError" message="Not matching expected [35] but found [49]">
      <![CDATA[java.lang.AssertionError: Not matching expected [35] but found [49]
at org.testng.Assert.fail(Assert.java:110)
at org.testng.Assert.failNotEquals(Assert.java:1413)
at org.testng.Assert.assertEqualsImpl(Assert.java:149)
at org.testng.Assert.assertEquals(Assert.java:131)
at org.testng.Assert.assertEquals(Assert.java:1240)
at pages.UsedCarPage.verifynoofbrands(UsedCarPage.java:43)
at testcases.dbconnector.TC_HM_003_parameterize_dbfetch_util(dbconnector.java:19)
at sun.reflect.NativeMethodAccessorImpl.invoke0(Native Method)
at sun.reflect.NativeMethodAccessorImpl.invoke(NativeMethodAccessorImpl.java:62)
at sun.reflect.DelegatingMethodAccessorImpl.invoke(DelegatingMethodAccessorImpl.java:43)
at java.lang.reflect.Method.invoke(Method.java:498)
at org.testng.internal.invokers.MethodInvocationHelper.invokeMethod(MethodInvocationHelper.java:135)
at org.testng.internal.invokers.TestInvoker.invokeMethod(TestInvoker.java:673)
at org.testng.internal.invokers.TestInvoker.retryFailed(TestInvoker.java:262)
at org.testng.internal.invokers.MethodRunner.runInSequence(MethodRunner.java:62)
at org.testng.internal.invokers.TestInvoker$MethodInvocationAgent.invoke(TestInvoker.java:945)
at org.testng.internal.invokers.TestInvoker.invokeTestMethods(TestInvoker.java:193)
at org.testng.internal.invokers.TestMethodWorker.invokeTestMethods(TestMethodWorker.java:146)
at org.testng.internal.invokers.TestMethodWorker.run(TestMethodWorker.java:128)
at java.util.concurrent.ThreadPoolExecutor.runWorker(ThreadPoolExecutor.java:1149)
at java.util.concurrent.ThreadPoolExecutor$Worker.run(ThreadPoolExecutor.java:624)
at java.lang.Thread.run(Thread.java:750)
]]>
    </failure>
  </testcase> <!-- TC_HM_003_parameterize_dbfetch_util -->
  <testcase name="TC_HM_003_parameterize_excel" time="304.012" classname="testcases.TC_HM_003_parameterize_excel">
    <skipped/>
  </testcase> <!-- TC_HM_003_parameterize_excel -->
  <testcase name="TC_HM_003_parameterize_excel" time="6.757" classname="testcases.TC_HM_003_parameterize_excel"/>
  <testcase name="TC_HM_003_parameterize_excel" time="6.405" classname="testcases.TC_HM_003_parameterize_excel"/>
  <testcase name="TC_HM_003_parameterize_excel" time="6.655" classname="testcases.TC_HM_003_parameterize_excel"/>
  <testcase name="TC_HM_003_parameterize_excel" time="9.361" classname="testcases.TC_HM_003_parameterize_excel"/>
</testsuite> <!-- Parallel Tests -->
