<?xml version="1.0" encoding="UTF-8"?>
<!-- Generated by org.testng.reporters.JUnitReportReporter -->
<testsuite skipped="2" hostname="DESKTOP-7QOC93L" name="testcases.TC_HM_003_parameterize" tests="4" failures="2" timestamp="2022-11-08T12:57:41 IST" time="181.294" errors="0">
  <testcase name="TC_HM_003_parameterizer" time="63.372" classname="testcases.TC_HM_003_parameterize">
    <skipped/>
  </testcase> <!-- TC_HM_003_parameterizer -->
  <system-out/>
  <testcase name="TC_HM_003_parameterizer" time="35.937" classname="testcases.TC_HM_003_parameterize">
    <skipped/>
  </testcase> <!-- TC_HM_003_parameterizer -->
  <system-out/>
  <testcase name="TC_HM_003_parameterizer" time="46.583" classname="testcases.TC_HM_003_parameterize">
    <failure type="java.lang.AssertionError" message="Not matching expected [46] but found [49]">
      <![CDATA[java.lang.AssertionError: Not matching expected [46] but found [49]
at org.testng.Assert.fail(Assert.java:110)
at org.testng.Assert.failNotEquals(Assert.java:1413)
at org.testng.Assert.assertEqualsImpl(Assert.java:149)
at org.testng.Assert.assertEquals(Assert.java:131)
at org.testng.Assert.assertEquals(Assert.java:1240)
at pages.UsedCarPage.verifynoofbrands(UsedCarPage.java:39)
at testcases.TC_HM_003_parameterize.TC_HM_003_parameterizer(TC_HM_003_parameterize.java:18)
at sun.reflect.NativeMethodAccessorImpl.invoke0(Native Method)
at sun.reflect.NativeMethodAccessorImpl.invoke(NativeMethodAccessorImpl.java:62)
at sun.reflect.DelegatingMethodAccessorImpl.invoke(DelegatingMethodAccessorImpl.java:43)
at java.lang.reflect.Method.invoke(Method.java:498)
at org.testng.internal.invokers.MethodInvocationHelper.invokeMethod(MethodInvocationHelper.java:135)
at org.testng.internal.invokers.TestInvoker.invokeMethod(TestInvoker.java:673)
at org.testng.internal.invokers.TestInvoker.retryFailed(TestInvoker.java:262)
at org.testng.internal.invokers.MethodRunner.runInSequence(MethodRunner.java:62)
at org.testng.internal.invokers.TestInvoker$MethodInvocationAgent.invoke(TestInvoker.java:945)
at org.testng.internal.invokers.TestInvoker.invokeTestMethods(TestInvoker.java:193)
at org.testng.internal.invokers.TestMethodWorker.invokeTestMethods(TestMethodWorker.java:146)
at org.testng.internal.invokers.TestMethodWorker.run(TestMethodWorker.java:128)
at java.util.concurrent.ThreadPoolExecutor.runWorker(ThreadPoolExecutor.java:1149)
at java.util.concurrent.ThreadPoolExecutor$Worker.run(ThreadPoolExecutor.java:624)
at java.lang.Thread.run(Thread.java:750)
]]>
    </failure>
  </testcase> <!-- TC_HM_003_parameterizer -->
  <system-out/>
  <testcase name="TC_HM_003_parameterizer" time="35.402" classname="testcases.TC_HM_003_parameterize">
    <failure type="java.lang.AssertionError" message="Not matching expected [46] but found [49]">
      <![CDATA[java.lang.AssertionError: Not matching expected [46] but found [49]
at org.testng.Assert.fail(Assert.java:110)
at org.testng.Assert.failNotEquals(Assert.java:1413)
at org.testng.Assert.assertEqualsImpl(Assert.java:149)
at org.testng.Assert.assertEquals(Assert.java:131)
at org.testng.Assert.assertEquals(Assert.java:1240)
at pages.UsedCarPage.verifynoofbrands(UsedCarPage.java:39)
at testcases.TC_HM_003_parameterize.TC_HM_003_parameterizer(TC_HM_003_parameterize.java:18)
at sun.reflect.NativeMethodAccessorImpl.invoke0(Native Method)
at sun.reflect.NativeMethodAccessorImpl.invoke(NativeMethodAccessorImpl.java:62)
at sun.reflect.DelegatingMethodAccessorImpl.invoke(DelegatingMethodAccessorImpl.java:43)
at java.lang.reflect.Method.invoke(Method.java:498)
at org.testng.internal.invokers.MethodInvocationHelper.invokeMethod(MethodInvocationHelper.java:135)
at org.testng.internal.invokers.TestInvoker.invokeMethod(TestInvoker.java:673)
at org.testng.internal.invokers.TestInvoker.retryFailed(TestInvoker.java:262)
at org.testng.internal.invokers.MethodRunner.runInSequence(MethodRunner.java:62)
at org.testng.internal.invokers.TestInvoker$MethodInvocationAgent.invoke(TestInvoker.java:945)
at org.testng.internal.invokers.TestInvoker.invokeTestMethods(TestInvoker.java:193)
at org.testng.internal.invokers.TestMethodWorker.invokeTestMethods(TestMethodWorker.java:146)
at org.testng.internal.invokers.TestMethodWorker.run(TestMethodWorker.java:128)
at java.util.concurrent.ThreadPoolExecutor.runWorker(ThreadPoolExecutor.java:1149)
at java.util.concurrent.ThreadPoolExecutor$Worker.run(ThreadPoolExecutor.java:624)
at java.lang.Thread.run(Thread.java:750)
]]>
    </failure>
  </testcase> <!-- TC_HM_003_parameterizer -->
  <system-out/>
</testsuite> <!-- testcases.TC_HM_003_parameterize -->
